2024-08-03 14:45:32,392 - train - INFO - training started
2024-08-03 14:45:32,400 - train - INFO - epoch: 0
2024-08-03 14:45:32,596 - train - INFO - train loss: 18365.544847
2024-08-03 14:45:32,597 - train - INFO - train loss kl: -0.834217
2024-08-03 14:45:32,597 - train - INFO - train loss reconstruction: 18365.544847
2024-08-03 14:45:33,132 - train - INFO - valid loss: 10892.699219
2024-08-03 14:45:33,138 - train - INFO - valid accuracy: nan
2024-08-03 14:45:35,314 - train - INFO - epoch: 10
2024-08-03 14:45:35,481 - train - INFO - train loss: 10153.896334
2024-08-03 14:45:35,481 - train - INFO - train loss kl: -13.167833
2024-08-03 14:45:35,492 - train - INFO - train loss reconstruction: 10153.896334
2024-08-03 14:45:37,043 - train - INFO - epoch: 20
2024-08-03 14:45:37,209 - train - INFO - train loss: 9449.974459
2024-08-03 14:45:37,209 - train - INFO - train loss kl: -15.967871
2024-08-03 14:45:37,209 - train - INFO - train loss reconstruction: 9449.974459
2024-08-03 14:45:38,743 - train - INFO - epoch: 30
2024-08-03 14:45:38,910 - train - INFO - train loss: 9126.913574
2024-08-03 14:45:38,910 - train - INFO - train loss kl: -19.413642
2024-08-03 14:45:38,910 - train - INFO - train loss reconstruction: 9126.913574
2024-08-03 14:45:40,487 - train - INFO - epoch: 40
2024-08-03 14:45:40,654 - train - INFO - train loss: 9050.015174
2024-08-03 14:45:40,654 - train - INFO - train loss kl: -21.216431
2024-08-03 14:45:40,654 - train - INFO - train loss reconstruction: 9050.015174
2024-08-03 14:45:42,216 - train - INFO - epoch: 50
2024-08-03 14:45:42,382 - train - INFO - train loss: 8834.936824
2024-08-03 14:45:42,382 - train - INFO - train loss kl: -22.434113
2024-08-03 14:45:42,382 - train - INFO - train loss reconstruction: 8834.936824
2024-08-03 14:45:44,093 - train - INFO - epoch: 60
2024-08-03 14:45:44,315 - train - INFO - train loss: 8745.941218
2024-08-03 14:45:44,315 - train - INFO - train loss kl: -24.391040
2024-08-03 14:45:44,315 - train - INFO - train loss reconstruction: 8745.941218
2024-08-03 14:45:46,459 - train - INFO - epoch: 70
2024-08-03 14:45:46,689 - train - INFO - train loss: 8645.608549
2024-08-03 14:45:46,689 - train - INFO - train loss kl: -25.831445
2024-08-03 14:45:46,689 - train - INFO - train loss reconstruction: 8645.608549
2024-08-03 14:45:48,734 - train - INFO - epoch: 80
2024-08-03 14:45:48,963 - train - INFO - train loss: 8562.129507
2024-08-03 14:45:48,963 - train - INFO - train loss kl: -25.208785
2024-08-03 14:45:48,963 - train - INFO - train loss reconstruction: 8562.129507
2024-08-03 14:45:51,036 - train - INFO - epoch: 90
2024-08-03 14:45:51,273 - train - INFO - train loss: 8505.984976
2024-08-03 14:45:51,273 - train - INFO - train loss kl: -26.894093
2024-08-03 14:45:51,273 - train - INFO - train loss reconstruction: 8505.984976
2024-08-03 14:45:53,690 - train - INFO - epoch: 100
2024-08-03 14:45:53,998 - train - INFO - train loss: 8356.627178
2024-08-03 14:45:53,998 - train - INFO - train loss kl: -27.258149
2024-08-03 14:45:53,998 - train - INFO - train loss reconstruction: 8356.627178
2024-08-03 14:45:54,312 - train - INFO - valid loss: 7802.188721
2024-08-03 14:45:54,314 - train - INFO - valid accuracy: nan
2024-08-03 14:45:56,584 - train - INFO - epoch: 110
2024-08-03 14:45:56,843 - train - INFO - train loss: 8403.820575
2024-08-03 14:45:56,843 - train - INFO - train loss kl: -28.428161
2024-08-03 14:45:56,843 - train - INFO - train loss reconstruction: 8403.820575
2024-08-03 14:45:59,031 - train - INFO - epoch: 120
2024-08-03 14:45:59,279 - train - INFO - train loss: 8339.819655
2024-08-03 14:45:59,279 - train - INFO - train loss kl: -30.102885
2024-08-03 14:45:59,279 - train - INFO - train loss reconstruction: 8339.819655
2024-08-03 14:46:01,511 - train - INFO - epoch: 130
2024-08-03 14:46:01,750 - train - INFO - train loss: 8251.419096
2024-08-03 14:46:01,750 - train - INFO - train loss kl: -29.964911
2024-08-03 14:46:01,750 - train - INFO - train loss reconstruction: 8251.419096
2024-08-03 14:46:04,063 - train - INFO - epoch: 140
2024-08-03 14:46:04,302 - train - INFO - train loss: 8210.498573
2024-08-03 14:46:04,303 - train - INFO - train loss kl: -30.781505
2024-08-03 14:46:04,303 - train - INFO - train loss reconstruction: 8210.498573
2024-08-03 14:46:06,488 - train - INFO - epoch: 150
2024-08-03 14:46:06,731 - train - INFO - train loss: 8206.706092
2024-08-03 14:46:06,731 - train - INFO - train loss kl: -32.988920
2024-08-03 14:46:06,731 - train - INFO - train loss reconstruction: 8206.706092
2024-08-03 14:46:08,955 - train - INFO - epoch: 160
2024-08-03 14:46:09,206 - train - INFO - train loss: 8204.805852
2024-08-03 14:46:09,207 - train - INFO - train loss kl: -34.041679
2024-08-03 14:46:09,207 - train - INFO - train loss reconstruction: 8204.805852
2024-08-03 14:46:11,579 - train - INFO - epoch: 170
2024-08-03 14:46:11,827 - train - INFO - train loss: 8200.800180
2024-08-03 14:46:11,827 - train - INFO - train loss kl: -34.891513
2024-08-03 14:46:11,827 - train - INFO - train loss reconstruction: 8200.800180
2024-08-03 14:46:14,150 - train - INFO - epoch: 180
2024-08-03 14:46:14,408 - train - INFO - train loss: 8156.034630
2024-08-03 14:46:14,409 - train - INFO - train loss kl: -35.716841
2024-08-03 14:46:14,409 - train - INFO - train loss reconstruction: 8156.034630
2024-08-03 14:46:16,747 - train - INFO - epoch: 190
2024-08-03 14:46:17,032 - train - INFO - train loss: 8194.696214
2024-08-03 14:46:17,032 - train - INFO - train loss kl: -36.801765
2024-08-03 14:46:17,032 - train - INFO - train loss reconstruction: 8194.696214
2024-08-03 14:46:19,372 - train - INFO - epoch: 200
2024-08-03 14:46:19,642 - train - INFO - train loss: 8030.536884
2024-08-03 14:46:19,642 - train - INFO - train loss kl: -38.428887
2024-08-03 14:46:19,642 - train - INFO - train loss reconstruction: 8030.536884
2024-08-03 14:46:19,994 - train - INFO - valid loss: 7901.915527
2024-08-03 14:46:19,995 - train - INFO - valid accuracy: nan
2024-08-03 14:46:22,355 - train - INFO - epoch: 210
2024-08-03 14:46:22,608 - train - INFO - train loss: 8089.757812
2024-08-03 14:46:22,608 - train - INFO - train loss kl: -38.789786
2024-08-03 14:46:22,608 - train - INFO - train loss reconstruction: 8089.757812
2024-08-03 14:46:24,956 - train - INFO - epoch: 220
2024-08-03 14:46:25,209 - train - INFO - train loss: 7970.242751
2024-08-03 14:46:25,210 - train - INFO - train loss kl: -39.143876
2024-08-03 14:46:25,210 - train - INFO - train loss reconstruction: 7970.242751
2024-08-03 14:46:27,545 - train - INFO - epoch: 230
2024-08-03 14:46:27,803 - train - INFO - train loss: 8022.621920
2024-08-03 14:46:27,803 - train - INFO - train loss kl: -40.750374
2024-08-03 14:46:27,803 - train - INFO - train loss reconstruction: 8022.621920
2024-08-03 14:46:30,144 - train - INFO - epoch: 240
2024-08-03 14:46:30,433 - train - INFO - train loss: 8015.621845
2024-08-03 14:46:30,433 - train - INFO - train loss kl: -41.793721
2024-08-03 14:46:30,434 - train - INFO - train loss reconstruction: 8015.621845
2024-08-03 14:46:32,778 - train - INFO - epoch: 250
2024-08-03 14:46:33,038 - train - INFO - train loss: 8047.413781
2024-08-03 14:46:33,038 - train - INFO - train loss kl: -42.508874
2024-08-03 14:46:33,038 - train - INFO - train loss reconstruction: 8047.413781
2024-08-03 14:46:35,377 - train - INFO - epoch: 260
2024-08-03 14:46:35,630 - train - INFO - train loss: 7929.272348
2024-08-03 14:46:35,630 - train - INFO - train loss kl: -41.338946
2024-08-03 14:46:35,630 - train - INFO - train loss reconstruction: 7929.272348
2024-08-03 14:46:37,948 - train - INFO - epoch: 270
2024-08-03 14:46:38,198 - train - INFO - train loss: 7959.230018
2024-08-03 14:46:38,198 - train - INFO - train loss kl: -42.448409
2024-08-03 14:46:38,198 - train - INFO - train loss reconstruction: 7959.230018
2024-08-03 14:46:40,523 - train - INFO - epoch: 280
2024-08-03 14:46:40,786 - train - INFO - train loss: 7875.248610
2024-08-03 14:46:40,786 - train - INFO - train loss kl: -44.971234
2024-08-03 14:46:40,786 - train - INFO - train loss reconstruction: 7875.248610
2024-08-03 14:46:43,135 - train - INFO - epoch: 290
2024-08-03 14:46:43,394 - train - INFO - train loss: 7886.770808
2024-08-03 14:46:43,394 - train - INFO - train loss kl: -46.204566
2024-08-03 14:46:43,394 - train - INFO - train loss reconstruction: 7886.770808
2024-08-03 14:46:45,747 - train - INFO - epoch: 300
2024-08-03 14:46:46,041 - train - INFO - train loss: 7909.485389
2024-08-03 14:46:46,041 - train - INFO - train loss kl: -45.539127
2024-08-03 14:46:46,041 - train - INFO - train loss reconstruction: 7909.485389
2024-08-03 14:46:46,361 - train - INFO - valid loss: 7955.650635
2024-08-03 14:46:46,362 - train - INFO - valid accuracy: nan
2024-08-03 14:46:48,759 - train - INFO - epoch: 310
2024-08-03 14:46:49,018 - train - INFO - train loss: 7846.179800
2024-08-03 14:46:49,019 - train - INFO - train loss kl: -47.242061
2024-08-03 14:46:49,019 - train - INFO - train loss reconstruction: 7846.179800
2024-08-03 14:46:51,374 - train - INFO - epoch: 320
2024-08-03 14:46:51,632 - train - INFO - train loss: 7944.723145
2024-08-03 14:46:51,632 - train - INFO - train loss kl: -47.547739
2024-08-03 14:46:51,633 - train - INFO - train loss reconstruction: 7944.723145
2024-08-03 14:46:54,059 - train - INFO - epoch: 330
2024-08-03 14:46:54,317 - train - INFO - train loss: 7890.771747
2024-08-03 14:46:54,317 - train - INFO - train loss kl: -48.794686
2024-08-03 14:46:54,317 - train - INFO - train loss reconstruction: 7890.771747
2024-08-03 14:46:56,669 - train - INFO - epoch: 340
2024-08-03 14:46:56,927 - train - INFO - train loss: 7948.940355
2024-08-03 14:46:56,927 - train - INFO - train loss kl: -49.120116
2024-08-03 14:46:56,927 - train - INFO - train loss reconstruction: 7948.940355
2024-08-03 14:46:59,435 - train - INFO - epoch: 350
2024-08-03 14:46:59,701 - train - INFO - train loss: 7836.469651
2024-08-03 14:46:59,702 - train - INFO - train loss kl: -49.043091
2024-08-03 14:46:59,702 - train - INFO - train loss reconstruction: 7836.469651
2024-08-03 14:47:02,076 - train - INFO - epoch: 360
2024-08-03 14:47:02,336 - train - INFO - train loss: 7865.054800
2024-08-03 14:47:02,336 - train - INFO - train loss kl: -50.306457
2024-08-03 14:47:02,336 - train - INFO - train loss reconstruction: 7865.054800
2024-08-03 14:47:04,678 - train - INFO - epoch: 370
2024-08-03 14:47:04,931 - train - INFO - train loss: 7869.437538
2024-08-03 14:47:04,932 - train - INFO - train loss kl: -50.174946
2024-08-03 14:47:04,932 - train - INFO - train loss reconstruction: 7869.437538
2024-08-03 14:47:07,288 - train - INFO - epoch: 380
2024-08-03 14:47:07,546 - train - INFO - train loss: 7826.007399
2024-08-03 14:47:07,546 - train - INFO - train loss kl: -50.665860
2024-08-03 14:47:07,546 - train - INFO - train loss reconstruction: 7826.007399
2024-08-03 14:47:09,895 - train - INFO - epoch: 390
2024-08-03 14:47:10,154 - train - INFO - train loss: 7838.341027
2024-08-03 14:47:10,154 - train - INFO - train loss kl: -51.773593
2024-08-03 14:47:10,154 - train - INFO - train loss reconstruction: 7838.341027
2024-08-03 14:47:12,549 - train - INFO - epoch: 400
2024-08-03 14:47:12,868 - train - INFO - train loss: 7770.386343
2024-08-03 14:47:12,868 - train - INFO - train loss kl: -51.734772
2024-08-03 14:47:12,868 - train - INFO - train loss reconstruction: 7770.386343
2024-08-03 14:47:13,197 - train - INFO - valid loss: 8194.379395
2024-08-03 14:47:13,198 - train - INFO - valid accuracy: nan
2024-08-03 14:47:15,562 - train - INFO - epoch: 410
2024-08-03 14:47:15,823 - train - INFO - train loss: 7823.690768
2024-08-03 14:47:15,824 - train - INFO - train loss kl: -53.907597
2024-08-03 14:47:15,824 - train - INFO - train loss reconstruction: 7823.690768
2024-08-03 14:47:18,175 - train - INFO - epoch: 420
2024-08-03 14:47:18,440 - train - INFO - train loss: 7753.612605
2024-08-03 14:47:18,440 - train - INFO - train loss kl: -53.416734
2024-08-03 14:47:18,440 - train - INFO - train loss reconstruction: 7753.612605
2024-08-03 14:47:20,813 - train - INFO - epoch: 430
2024-08-03 14:47:21,072 - train - INFO - train loss: 7819.771785
2024-08-03 14:47:21,073 - train - INFO - train loss kl: -54.090767
2024-08-03 14:47:21,073 - train - INFO - train loss reconstruction: 7819.771785
2024-08-03 14:47:23,440 - train - INFO - epoch: 440
2024-08-03 14:47:23,699 - train - INFO - train loss: 7725.624869
2024-08-03 14:47:23,699 - train - INFO - train loss kl: -55.474927
2024-08-03 14:47:23,699 - train - INFO - train loss reconstruction: 7725.624869
2024-08-03 14:47:26,056 - train - INFO - epoch: 450
2024-08-03 14:47:26,339 - train - INFO - train loss: 7724.633244
2024-08-03 14:47:26,339 - train - INFO - train loss kl: -55.903070
2024-08-03 14:47:26,339 - train - INFO - train loss reconstruction: 7724.633244
2024-08-03 14:47:28,699 - train - INFO - epoch: 460
2024-08-03 14:47:28,962 - train - INFO - train loss: 7730.210787
2024-08-03 14:47:28,962 - train - INFO - train loss kl: -55.898185
2024-08-03 14:47:28,962 - train - INFO - train loss reconstruction: 7730.210787
2024-08-03 14:47:31,327 - train - INFO - epoch: 470
2024-08-03 14:47:31,586 - train - INFO - train loss: 7784.471060
2024-08-03 14:47:31,586 - train - INFO - train loss kl: -56.842900
2024-08-03 14:47:31,587 - train - INFO - train loss reconstruction: 7784.471060
2024-08-03 14:47:33,947 - train - INFO - epoch: 480
2024-08-03 14:47:34,203 - train - INFO - train loss: 7705.923678
2024-08-03 14:47:34,203 - train - INFO - train loss kl: -59.174068
2024-08-03 14:47:34,203 - train - INFO - train loss reconstruction: 7705.923678
2024-08-03 14:47:36,576 - train - INFO - epoch: 490
2024-08-03 14:47:36,841 - train - INFO - train loss: 7778.269531
2024-08-03 14:47:36,841 - train - INFO - train loss kl: -58.902892
2024-08-03 14:47:36,841 - train - INFO - train loss reconstruction: 7778.269531
2024-08-03 14:47:39,206 - train - INFO - epoch: 500
2024-08-03 14:47:39,483 - train - INFO - train loss: 7721.835994
2024-08-03 14:47:39,484 - train - INFO - train loss kl: -59.171379
2024-08-03 14:47:39,484 - train - INFO - train loss reconstruction: 7721.835994
2024-08-03 14:47:39,828 - train - INFO - valid loss: 8151.876709
2024-08-03 14:47:39,829 - train - INFO - valid accuracy: nan
2024-08-03 14:47:42,202 - train - INFO - epoch: 510
2024-08-03 14:47:42,454 - train - INFO - train loss: 7754.803148
2024-08-03 14:47:42,454 - train - INFO - train loss kl: -59.561143
2024-08-03 14:47:42,454 - train - INFO - train loss reconstruction: 7754.803148
2024-08-03 14:47:44,824 - train - INFO - epoch: 520
2024-08-03 14:47:45,080 - train - INFO - train loss: 7714.670673
2024-08-03 14:47:45,080 - train - INFO - train loss kl: -60.460838
2024-08-03 14:47:45,080 - train - INFO - train loss reconstruction: 7714.670673
2024-08-03 14:47:47,456 - train - INFO - epoch: 530
2024-08-03 14:47:47,719 - train - INFO - train loss: 7711.704890
2024-08-03 14:47:47,719 - train - INFO - train loss kl: -60.917072
2024-08-03 14:47:47,720 - train - INFO - train loss reconstruction: 7711.704890
2024-08-03 14:47:50,085 - train - INFO - epoch: 540
2024-08-03 14:47:50,343 - train - INFO - train loss: 7701.794922
2024-08-03 14:47:50,344 - train - INFO - train loss kl: -62.725717
2024-08-03 14:47:50,344 - train - INFO - train loss reconstruction: 7701.794922
2024-08-03 14:47:52,703 - train - INFO - epoch: 550
2024-08-03 14:47:52,987 - train - INFO - train loss: 7665.326097
2024-08-03 14:47:52,987 - train - INFO - train loss kl: -62.369762
2024-08-03 14:47:52,988 - train - INFO - train loss reconstruction: 7665.326097
2024-08-03 14:47:55,558 - train - INFO - epoch: 560
2024-08-03 14:47:55,814 - train - INFO - train loss: 7650.308049
2024-08-03 14:47:55,815 - train - INFO - train loss kl: -61.953148
2024-08-03 14:47:55,815 - train - INFO - train loss reconstruction: 7650.308049
2024-08-03 14:47:58,185 - train - INFO - epoch: 570
2024-08-03 14:47:58,444 - train - INFO - train loss: 7680.553730
2024-08-03 14:47:58,444 - train - INFO - train loss kl: -65.270683
2024-08-03 14:47:58,445 - train - INFO - train loss reconstruction: 7680.553730
2024-08-03 14:48:00,815 - train - INFO - epoch: 580
2024-08-03 14:48:01,075 - train - INFO - train loss: 7691.011418
2024-08-03 14:48:01,076 - train - INFO - train loss kl: -63.582625
2024-08-03 14:48:01,076 - train - INFO - train loss reconstruction: 7691.011418
2024-08-03 14:48:03,433 - train - INFO - epoch: 590
2024-08-03 14:48:03,692 - train - INFO - train loss: 7623.291598
2024-08-03 14:48:03,692 - train - INFO - train loss kl: -64.277934
2024-08-03 14:48:03,692 - train - INFO - train loss reconstruction: 7623.291598
2024-08-03 14:48:06,037 - train - INFO - epoch: 600
2024-08-03 14:48:06,321 - train - INFO - train loss: 7646.514780
2024-08-03 14:48:06,321 - train - INFO - train loss kl: -63.739144
2024-08-03 14:48:06,321 - train - INFO - train loss reconstruction: 7646.514780
2024-08-03 14:48:06,654 - train - INFO - valid loss: 8229.247314
2024-08-03 14:48:06,655 - train - INFO - valid accuracy: nan
2024-08-03 14:48:09,049 - train - INFO - epoch: 610
2024-08-03 14:48:09,316 - train - INFO - train loss: 7636.969802
2024-08-03 14:48:09,316 - train - INFO - train loss kl: -64.778508
2024-08-03 14:48:09,316 - train - INFO - train loss reconstruction: 7636.969802
2024-08-03 14:48:11,691 - train - INFO - epoch: 620
2024-08-03 14:48:11,950 - train - INFO - train loss: 7738.575496
2024-08-03 14:48:11,950 - train - INFO - train loss kl: -65.951418
2024-08-03 14:48:11,950 - train - INFO - train loss reconstruction: 7738.575496
2024-08-03 14:48:14,316 - train - INFO - epoch: 630
2024-08-03 14:48:14,573 - train - INFO - train loss: 7709.927528
2024-08-03 14:48:14,573 - train - INFO - train loss kl: -64.990989
2024-08-03 14:48:14,574 - train - INFO - train loss reconstruction: 7709.927528
2024-08-03 14:48:16,947 - train - INFO - epoch: 640
2024-08-03 14:48:17,206 - train - INFO - train loss: 7614.426833
2024-08-03 14:48:17,206 - train - INFO - train loss kl: -64.862414
2024-08-03 14:48:17,206 - train - INFO - train loss reconstruction: 7614.426833
2024-08-03 14:48:19,573 - train - INFO - epoch: 650
2024-08-03 14:48:19,867 - train - INFO - train loss: 7590.266958
2024-08-03 14:48:19,868 - train - INFO - train loss kl: -66.366248
2024-08-03 14:48:19,868 - train - INFO - train loss reconstruction: 7590.266958
2024-08-03 14:48:22,262 - train - INFO - epoch: 660
2024-08-03 14:48:22,539 - train - INFO - train loss: 7563.613957
2024-08-03 14:48:22,540 - train - INFO - train loss kl: -67.555239
2024-08-03 14:48:22,540 - train - INFO - train loss reconstruction: 7563.613957
2024-08-03 14:48:25,028 - train - INFO - epoch: 670
2024-08-03 14:48:25,283 - train - INFO - train loss: 7609.604455
2024-08-03 14:48:25,283 - train - INFO - train loss kl: -67.127306
2024-08-03 14:48:25,283 - train - INFO - train loss reconstruction: 7609.604455
2024-08-03 14:48:27,669 - train - INFO - epoch: 680
2024-08-03 14:48:27,929 - train - INFO - train loss: 7561.637883
2024-08-03 14:48:27,930 - train - INFO - train loss kl: -66.708038
2024-08-03 14:48:27,930 - train - INFO - train loss reconstruction: 7561.637883
2024-08-03 14:48:30,378 - train - INFO - epoch: 690
2024-08-03 14:48:30,632 - train - INFO - train loss: 7562.992394
2024-08-03 14:48:30,632 - train - INFO - train loss kl: -66.221483
2024-08-03 14:48:30,632 - train - INFO - train loss reconstruction: 7562.992394
2024-08-03 14:48:33,021 - train - INFO - epoch: 700
2024-08-03 14:48:33,319 - train - INFO - train loss: 7663.485539
2024-08-03 14:48:33,319 - train - INFO - train loss kl: -67.946945
2024-08-03 14:48:33,319 - train - INFO - train loss reconstruction: 7663.485539
2024-08-03 14:48:33,635 - train - INFO - valid loss: 8177.270996
2024-08-03 14:48:33,636 - train - INFO - valid accuracy: nan
2024-08-03 14:48:36,066 - train - INFO - epoch: 710
2024-08-03 14:48:36,323 - train - INFO - train loss: 7578.579383
2024-08-03 14:48:36,324 - train - INFO - train loss kl: -67.853412
2024-08-03 14:48:36,324 - train - INFO - train loss reconstruction: 7578.579383
2024-08-03 14:48:38,724 - train - INFO - epoch: 720
2024-08-03 14:48:38,986 - train - INFO - train loss: 7556.958797
2024-08-03 14:48:38,986 - train - INFO - train loss kl: -69.946242
2024-08-03 14:48:38,986 - train - INFO - train loss reconstruction: 7556.958797
2024-08-03 14:48:41,440 - train - INFO - epoch: 730
2024-08-03 14:48:41,698 - train - INFO - train loss: 7566.361178
2024-08-03 14:48:41,698 - train - INFO - train loss kl: -69.744764
2024-08-03 14:48:41,698 - train - INFO - train loss reconstruction: 7566.361178
2024-08-03 14:48:44,088 - train - INFO - epoch: 740
2024-08-03 14:48:44,376 - train - INFO - train loss: 7632.666372
2024-08-03 14:48:44,377 - train - INFO - train loss kl: -67.401725
2024-08-03 14:48:44,377 - train - INFO - train loss reconstruction: 7632.666372
2024-08-03 14:48:46,772 - train - INFO - epoch: 750
2024-08-03 14:48:47,041 - train - INFO - train loss: 7654.226863
2024-08-03 14:48:47,041 - train - INFO - train loss kl: -68.399445
2024-08-03 14:48:47,041 - train - INFO - train loss reconstruction: 7654.226863
2024-08-03 14:48:49,425 - train - INFO - epoch: 760
2024-08-03 14:48:49,685 - train - INFO - train loss: 7608.415340
2024-08-03 14:48:49,686 - train - INFO - train loss kl: -70.607446
2024-08-03 14:48:49,686 - train - INFO - train loss reconstruction: 7608.415340
2024-08-03 14:48:52,245 - train - INFO - epoch: 770
2024-08-03 14:48:52,498 - train - INFO - train loss: 7589.742338
2024-08-03 14:48:52,499 - train - INFO - train loss kl: -70.456050
2024-08-03 14:48:52,499 - train - INFO - train loss reconstruction: 7589.742338
2024-08-03 14:48:54,954 - train - INFO - epoch: 780
2024-08-03 14:48:55,215 - train - INFO - train loss: 7639.091759
2024-08-03 14:48:55,215 - train - INFO - train loss kl: -69.368535
2024-08-03 14:48:55,215 - train - INFO - train loss reconstruction: 7639.091759
2024-08-03 14:48:57,601 - train - INFO - epoch: 790
2024-08-03 14:48:57,886 - train - INFO - train loss: 7536.198223
2024-08-03 14:48:57,886 - train - INFO - train loss kl: -71.350321
2024-08-03 14:48:57,886 - train - INFO - train loss reconstruction: 7536.198223
2024-08-03 14:49:00,328 - train - INFO - epoch: 800
2024-08-03 14:49:00,618 - train - INFO - train loss: 7531.923565
2024-08-03 14:49:00,619 - train - INFO - train loss kl: -71.746110
2024-08-03 14:49:00,619 - train - INFO - train loss reconstruction: 7531.923565
2024-08-03 14:49:00,941 - train - INFO - valid loss: 8310.808350
2024-08-03 14:49:00,942 - train - INFO - valid accuracy: nan
2024-08-03 14:49:03,430 - train - INFO - epoch: 810
2024-08-03 14:49:03,695 - train - INFO - train loss: 7552.579534
2024-08-03 14:49:03,695 - train - INFO - train loss kl: -73.752357
2024-08-03 14:49:03,696 - train - INFO - train loss reconstruction: 7552.579534
2024-08-03 14:49:06,160 - train - INFO - epoch: 820
2024-08-03 14:49:06,429 - train - INFO - train loss: 7624.600962
2024-08-03 14:49:06,429 - train - INFO - train loss kl: -70.890249
2024-08-03 14:49:06,429 - train - INFO - train loss reconstruction: 7624.600962
2024-08-03 14:49:08,881 - train - INFO - epoch: 830
2024-08-03 14:49:09,177 - train - INFO - train loss: 7522.431321
2024-08-03 14:49:09,177 - train - INFO - train loss kl: -72.056494
2024-08-03 14:49:09,177 - train - INFO - train loss reconstruction: 7522.431321
2024-08-03 14:49:11,645 - train - INFO - epoch: 840
2024-08-03 14:49:11,920 - train - INFO - train loss: 7499.669997
2024-08-03 14:49:11,921 - train - INFO - train loss kl: -71.771275
2024-08-03 14:49:11,921 - train - INFO - train loss reconstruction: 7499.669997
2024-08-03 14:49:14,383 - train - INFO - epoch: 850
2024-08-03 14:49:14,654 - train - INFO - train loss: 7577.072660
2024-08-03 14:49:14,654 - train - INFO - train loss kl: -71.275127
2024-08-03 14:49:14,654 - train - INFO - train loss reconstruction: 7577.072660
2024-08-03 14:49:17,097 - train - INFO - epoch: 860
2024-08-03 14:49:17,366 - train - INFO - train loss: 7542.477314
2024-08-03 14:49:17,367 - train - INFO - train loss kl: -71.477400
2024-08-03 14:49:17,367 - train - INFO - train loss reconstruction: 7542.477314
2024-08-03 14:49:19,824 - train - INFO - epoch: 870
2024-08-03 14:49:20,100 - train - INFO - train loss: 7577.378869
2024-08-03 14:49:20,100 - train - INFO - train loss kl: -70.645894
2024-08-03 14:49:20,100 - train - INFO - train loss reconstruction: 7577.378869
2024-08-03 14:49:22,585 - train - INFO - epoch: 880
2024-08-03 14:49:22,862 - train - INFO - train loss: 7594.789100
2024-08-03 14:49:22,863 - train - INFO - train loss kl: -69.572893
2024-08-03 14:49:22,863 - train - INFO - train loss reconstruction: 7594.789100
2024-08-03 14:49:25,341 - train - INFO - epoch: 890
2024-08-03 14:49:25,606 - train - INFO - train loss: 7481.781137
2024-08-03 14:49:25,606 - train - INFO - train loss kl: -70.501804
2024-08-03 14:49:25,606 - train - INFO - train loss reconstruction: 7481.781137
2024-08-03 14:49:28,092 - train - INFO - epoch: 900
2024-08-03 14:49:28,377 - train - INFO - train loss: 7557.605863
2024-08-03 14:49:28,377 - train - INFO - train loss kl: -72.769950
2024-08-03 14:49:28,377 - train - INFO - train loss reconstruction: 7557.605863
2024-08-03 14:49:28,737 - train - INFO - valid loss: 8514.938965
2024-08-03 14:49:28,738 - train - INFO - valid accuracy: nan
2024-08-03 14:49:31,216 - train - INFO - epoch: 910
2024-08-03 14:49:31,513 - train - INFO - train loss: 7465.323956
2024-08-03 14:49:31,513 - train - INFO - train loss kl: -72.523692
2024-08-03 14:49:31,513 - train - INFO - train loss reconstruction: 7465.323956
2024-08-03 14:49:34,039 - train - INFO - epoch: 920
2024-08-03 14:49:34,304 - train - INFO - train loss: 7577.985539
2024-08-03 14:49:34,304 - train - INFO - train loss kl: -71.922536
2024-08-03 14:49:34,304 - train - INFO - train loss reconstruction: 7577.985539
2024-08-03 14:49:36,712 - train - INFO - epoch: 930
2024-08-03 14:49:36,975 - train - INFO - train loss: 7508.049692
2024-08-03 14:49:36,975 - train - INFO - train loss kl: -71.220848
2024-08-03 14:49:36,975 - train - INFO - train loss reconstruction: 7508.049692
2024-08-03 14:49:39,351 - train - INFO - epoch: 940
2024-08-03 14:49:39,611 - train - INFO - train loss: 7512.331806
2024-08-03 14:49:39,611 - train - INFO - train loss kl: -71.894258
2024-08-03 14:49:39,611 - train - INFO - train loss reconstruction: 7512.331806
2024-08-03 14:49:41,999 - train - INFO - epoch: 950
2024-08-03 14:49:42,267 - train - INFO - train loss: 7509.434683
2024-08-03 14:49:42,268 - train - INFO - train loss kl: -72.471074
2024-08-03 14:49:42,268 - train - INFO - train loss reconstruction: 7509.434683
2024-08-03 14:49:44,678 - train - INFO - epoch: 960
2024-08-03 14:49:44,976 - train - INFO - train loss: 7495.289175
2024-08-03 14:49:44,976 - train - INFO - train loss kl: -73.575948
2024-08-03 14:49:44,976 - train - INFO - train loss reconstruction: 7495.289175
2024-08-03 14:49:47,387 - train - INFO - epoch: 970
2024-08-03 14:49:47,647 - train - INFO - train loss: 7575.701698
2024-08-03 14:49:47,647 - train - INFO - train loss kl: -72.573119
2024-08-03 14:49:47,648 - train - INFO - train loss reconstruction: 7575.701698
2024-08-03 14:49:50,067 - train - INFO - epoch: 980
2024-08-03 14:49:50,324 - train - INFO - train loss: 7553.268517
2024-08-03 14:49:50,324 - train - INFO - train loss kl: -75.461647
2024-08-03 14:49:50,324 - train - INFO - train loss reconstruction: 7553.268517
2024-08-03 14:49:52,914 - train - INFO - epoch: 990
2024-08-03 14:49:53,183 - train - INFO - train loss: 7476.499174
2024-08-03 14:49:53,183 - train - INFO - train loss kl: -75.693346
2024-08-03 14:49:53,183 - train - INFO - train loss reconstruction: 7476.499174
2024-08-03 14:49:55,651 - train - INFO - epoch: 1000
2024-08-03 14:49:55,932 - train - INFO - train loss: 7485.088773
2024-08-03 14:49:55,932 - train - INFO - train loss kl: -76.347433
2024-08-03 14:49:55,932 - train - INFO - train loss reconstruction: 7485.088773
2024-08-03 14:49:56,282 - train - INFO - valid loss: 8572.645020
2024-08-03 14:49:56,283 - train - INFO - valid accuracy: nan
2024-08-03 14:49:58,828 - train - INFO - epoch: 1010
2024-08-03 14:49:59,090 - train - INFO - train loss: 7504.643029
2024-08-03 14:49:59,090 - train - INFO - train loss kl: -76.204267
2024-08-03 14:49:59,090 - train - INFO - train loss reconstruction: 7504.643029
2024-08-03 14:50:01,600 - train - INFO - epoch: 1020
2024-08-03 14:50:01,870 - train - INFO - train loss: 7596.064941
2024-08-03 14:50:01,870 - train - INFO - train loss kl: -77.983838
2024-08-03 14:50:01,870 - train - INFO - train loss reconstruction: 7596.064941
2024-08-03 14:50:04,291 - train - INFO - epoch: 1030
2024-08-03 14:50:04,557 - train - INFO - train loss: 7475.548377
2024-08-03 14:50:04,557 - train - INFO - train loss kl: -78.579288
2024-08-03 14:50:04,558 - train - INFO - train loss reconstruction: 7475.548377
2024-08-03 14:50:06,960 - train - INFO - epoch: 1040
2024-08-03 14:50:07,226 - train - INFO - train loss: 7475.660194
2024-08-03 14:50:07,227 - train - INFO - train loss kl: -78.213817
2024-08-03 14:50:07,227 - train - INFO - train loss reconstruction: 7475.660194
2024-08-03 14:50:09,671 - train - INFO - epoch: 1050
2024-08-03 14:50:09,937 - train - INFO - train loss: 7510.994479
2024-08-03 14:50:09,938 - train - INFO - train loss kl: -78.245770
2024-08-03 14:50:09,938 - train - INFO - train loss reconstruction: 7510.994479
2024-08-03 14:50:12,526 - train - INFO - epoch: 1060
2024-08-03 14:50:12,785 - train - INFO - train loss: 7614.892541
2024-08-03 14:50:12,785 - train - INFO - train loss kl: -78.533222
2024-08-03 14:50:12,786 - train - INFO - train loss reconstruction: 7614.892541
2024-08-03 14:50:15,204 - train - INFO - epoch: 1070
2024-08-03 14:50:15,464 - train - INFO - train loss: 7715.000826
2024-08-03 14:50:15,464 - train - INFO - train loss kl: -79.962741
2024-08-03 14:50:15,464 - train - INFO - train loss reconstruction: 7715.000826
2024-08-03 14:50:17,886 - train - INFO - epoch: 1080
2024-08-03 14:50:18,154 - train - INFO - train loss: 7540.406156
2024-08-03 14:50:18,154 - train - INFO - train loss kl: -82.126613
2024-08-03 14:50:18,154 - train - INFO - train loss reconstruction: 7540.406156
2024-08-03 14:50:20,634 - train - INFO - epoch: 1090
2024-08-03 14:50:20,928 - train - INFO - train loss: 7497.245718
2024-08-03 14:50:20,929 - train - INFO - train loss kl: -81.537433
2024-08-03 14:50:20,929 - train - INFO - train loss reconstruction: 7497.245718
2024-08-03 14:50:23,359 - train - INFO - epoch: 1100
2024-08-03 14:50:23,651 - train - INFO - train loss: 7464.725361
2024-08-03 14:50:23,651 - train - INFO - train loss kl: -80.108046
2024-08-03 14:50:23,651 - train - INFO - train loss reconstruction: 7464.725361
2024-08-03 14:50:23,981 - train - INFO - valid loss: 8418.250000
2024-08-03 14:50:23,982 - train - INFO - valid accuracy: nan
2024-08-03 14:50:26,431 - train - INFO - epoch: 1110
2024-08-03 14:50:26,696 - train - INFO - train loss: 7439.515062
2024-08-03 14:50:26,696 - train - INFO - train loss kl: -78.359060
2024-08-03 14:50:26,696 - train - INFO - train loss reconstruction: 7439.515062
2024-08-03 14:50:29,119 - train - INFO - epoch: 1120
2024-08-03 14:50:29,384 - train - INFO - train loss: 7502.840858
2024-08-03 14:50:29,384 - train - INFO - train loss kl: -80.737872
2024-08-03 14:50:29,384 - train - INFO - train loss reconstruction: 7502.840858
2024-08-03 14:50:31,798 - train - INFO - epoch: 1130
2024-08-03 14:50:32,090 - train - INFO - train loss: 7539.380146
2024-08-03 14:50:32,091 - train - INFO - train loss kl: -81.068925
2024-08-03 14:50:32,091 - train - INFO - train loss reconstruction: 7539.380146
2024-08-03 14:50:34,519 - train - INFO - epoch: 1140
2024-08-03 14:50:34,784 - train - INFO - train loss: 7456.936899
2024-08-03 14:50:34,785 - train - INFO - train loss kl: -82.099625
2024-08-03 14:50:34,785 - train - INFO - train loss reconstruction: 7456.936899
2024-08-03 14:50:37,215 - train - INFO - epoch: 1150
2024-08-03 14:50:37,472 - train - INFO - train loss: 7477.730262
2024-08-03 14:50:37,472 - train - INFO - train loss kl: -81.770906
2024-08-03 14:50:37,472 - train - INFO - train loss reconstruction: 7477.730262
2024-08-03 14:50:39,894 - train - INFO - epoch: 1160
2024-08-03 14:50:40,160 - train - INFO - train loss: 7486.584811
2024-08-03 14:50:40,160 - train - INFO - train loss kl: -81.205658
2024-08-03 14:50:40,160 - train - INFO - train loss reconstruction: 7486.584811
2024-08-03 14:50:42,601 - train - INFO - epoch: 1170
2024-08-03 14:50:42,865 - train - INFO - train loss: 7603.713529
2024-08-03 14:50:42,865 - train - INFO - train loss kl: -82.731550
2024-08-03 14:50:42,866 - train - INFO - train loss reconstruction: 7603.713529
2024-08-03 14:50:45,362 - train - INFO - epoch: 1180
2024-08-03 14:50:45,634 - train - INFO - train loss: 7431.538480
2024-08-03 14:50:45,635 - train - INFO - train loss kl: -81.457245
2024-08-03 14:50:45,635 - train - INFO - train loss reconstruction: 7431.538480
2024-08-03 14:50:48,075 - train - INFO - epoch: 1190
2024-08-03 14:50:48,341 - train - INFO - train loss: 7467.670560
2024-08-03 14:50:48,342 - train - INFO - train loss kl: -81.300106
2024-08-03 14:50:48,342 - train - INFO - train loss reconstruction: 7467.670560
2024-08-03 14:50:50,811 - train - INFO - epoch: 1200
2024-08-03 14:50:51,085 - train - INFO - train loss: 7431.204383
2024-08-03 14:50:51,086 - train - INFO - train loss kl: -82.739954
2024-08-03 14:50:51,086 - train - INFO - train loss reconstruction: 7431.204383
2024-08-03 14:50:51,396 - train - INFO - valid loss: 8675.817383
2024-08-03 14:50:51,397 - train - INFO - valid accuracy: nan
2024-08-03 14:50:53,911 - train - INFO - epoch: 1210
2024-08-03 14:50:54,203 - train - INFO - train loss: 7533.274414
2024-08-03 14:50:54,203 - train - INFO - train loss kl: -79.993284
2024-08-03 14:50:54,203 - train - INFO - train loss reconstruction: 7533.274414
2024-08-03 14:50:56,627 - train - INFO - epoch: 1220
2024-08-03 14:50:56,899 - train - INFO - train loss: 7425.519794
2024-08-03 14:50:56,899 - train - INFO - train loss kl: -79.341735
2024-08-03 14:50:56,899 - train - INFO - train loss reconstruction: 7425.519794
2024-08-03 14:50:59,326 - train - INFO - epoch: 1230
2024-08-03 14:50:59,593 - train - INFO - train loss: 7471.782903
2024-08-03 14:50:59,593 - train - INFO - train loss kl: -79.192430
2024-08-03 14:50:59,593 - train - INFO - train loss reconstruction: 7471.782903
2024-08-03 14:51:02,134 - train - INFO - epoch: 1240
2024-08-03 14:51:02,394 - train - INFO - train loss: 7575.927547
2024-08-03 14:51:02,394 - train - INFO - train loss kl: -82.025046
2024-08-03 14:51:02,394 - train - INFO - train loss reconstruction: 7575.927547
2024-08-03 14:51:04,830 - train - INFO - epoch: 1250
2024-08-03 14:51:05,094 - train - INFO - train loss: 7458.665978
2024-08-03 14:51:05,094 - train - INFO - train loss kl: -82.068430
2024-08-03 14:51:05,094 - train - INFO - train loss reconstruction: 7458.665978
2024-08-03 14:51:07,557 - train - INFO - epoch: 1260
2024-08-03 14:51:07,850 - train - INFO - train loss: 7413.958853
2024-08-03 14:51:07,851 - train - INFO - train loss kl: -82.752669
2024-08-03 14:51:07,851 - train - INFO - train loss reconstruction: 7413.958853
2024-08-03 14:51:10,397 - train - INFO - epoch: 1270
2024-08-03 14:51:10,671 - train - INFO - train loss: 7508.526818
2024-08-03 14:51:10,671 - train - INFO - train loss kl: -82.951073
2024-08-03 14:51:10,671 - train - INFO - train loss reconstruction: 7508.526818
2024-08-03 14:51:13,115 - train - INFO - epoch: 1280
2024-08-03 14:51:13,375 - train - INFO - train loss: 7519.093675
2024-08-03 14:51:13,375 - train - INFO - train loss kl: -83.825964
2024-08-03 14:51:13,376 - train - INFO - train loss reconstruction: 7519.093675
2024-08-03 14:51:15,775 - train - INFO - epoch: 1290
2024-08-03 14:51:16,044 - train - INFO - train loss: 7453.608436
2024-08-03 14:51:16,044 - train - INFO - train loss kl: -84.358415
2024-08-03 14:51:16,044 - train - INFO - train loss reconstruction: 7453.608436
2024-08-03 14:51:18,450 - train - INFO - epoch: 1300
2024-08-03 14:51:18,725 - train - INFO - train loss: 7424.109244
2024-08-03 14:51:18,725 - train - INFO - train loss kl: -83.505557
2024-08-03 14:51:18,725 - train - INFO - train loss reconstruction: 7424.109244
2024-08-03 14:51:19,079 - train - INFO - valid loss: 8715.318359
2024-08-03 14:51:19,080 - train - INFO - valid accuracy: nan
2024-08-03 14:51:21,525 - train - INFO - epoch: 1310
2024-08-03 14:51:21,798 - train - INFO - train loss: 7419.967586
2024-08-03 14:51:21,798 - train - INFO - train loss kl: -83.767406
2024-08-03 14:51:21,798 - train - INFO - train loss reconstruction: 7419.967586
2024-08-03 14:51:24,220 - train - INFO - epoch: 1320
2024-08-03 14:51:24,487 - train - INFO - train loss: 7466.558406
2024-08-03 14:51:24,487 - train - INFO - train loss kl: -83.191264
2024-08-03 14:51:24,487 - train - INFO - train loss reconstruction: 7466.558406
2024-08-03 14:51:26,930 - train - INFO - epoch: 1330
2024-08-03 14:51:27,196 - train - INFO - train loss: 7488.267165
2024-08-03 14:51:27,197 - train - INFO - train loss kl: -83.591203
2024-08-03 14:51:27,197 - train - INFO - train loss reconstruction: 7488.267165
2024-08-03 14:51:29,638 - train - INFO - epoch: 1340
2024-08-03 14:51:29,910 - train - INFO - train loss: 7499.637057
2024-08-03 14:51:29,910 - train - INFO - train loss kl: -84.489419
2024-08-03 14:51:29,910 - train - INFO - train loss reconstruction: 7499.637057
2024-08-03 14:51:32,383 - train - INFO - epoch: 1350
2024-08-03 14:51:32,662 - train - INFO - train loss: 7425.267559
2024-08-03 14:51:32,662 - train - INFO - train loss kl: -84.517045
2024-08-03 14:51:32,662 - train - INFO - train loss reconstruction: 7425.267559
2024-08-03 14:51:35,954 - train - INFO - epoch: 1360
2024-08-03 14:51:36,246 - train - INFO - train loss: 7476.943810
2024-08-03 14:51:36,246 - train - INFO - train loss kl: -83.203038
2024-08-03 14:51:36,246 - train - INFO - train loss reconstruction: 7476.943810
2024-08-03 14:51:38,677 - train - INFO - epoch: 1370
2024-08-03 14:51:38,942 - train - INFO - train loss: 7488.559176
2024-08-03 14:51:38,942 - train - INFO - train loss kl: -83.516754
2024-08-03 14:51:38,942 - train - INFO - train loss reconstruction: 7488.559176
2024-08-03 14:51:41,382 - train - INFO - epoch: 1380
2024-08-03 14:51:41,663 - train - INFO - train loss: 7445.518874
2024-08-03 14:51:41,663 - train - INFO - train loss kl: -83.598087
2024-08-03 14:51:41,663 - train - INFO - train loss reconstruction: 7445.518874
2024-08-03 14:51:44,123 - train - INFO - epoch: 1390
2024-08-03 14:51:44,404 - train - INFO - train loss: 7472.933875
2024-08-03 14:51:44,404 - train - INFO - train loss kl: -81.834645
2024-08-03 14:51:44,404 - train - INFO - train loss reconstruction: 7472.933875
2024-08-03 14:51:46,864 - train - INFO - epoch: 1400
2024-08-03 14:51:47,137 - train - INFO - train loss: 7615.049711
2024-08-03 14:51:47,138 - train - INFO - train loss kl: -83.612140
2024-08-03 14:51:47,138 - train - INFO - train loss reconstruction: 7615.049711
2024-08-03 14:51:47,472 - train - INFO - valid loss: 8519.641113
2024-08-03 14:51:47,473 - train - INFO - valid accuracy: nan
2024-08-03 14:51:49,987 - train - INFO - epoch: 1410
2024-08-03 14:51:50,282 - train - INFO - train loss: 7435.207895
2024-08-03 14:51:50,282 - train - INFO - train loss kl: -85.159985
2024-08-03 14:51:50,282 - train - INFO - train loss reconstruction: 7435.207895
2024-08-03 14:51:52,731 - train - INFO - epoch: 1420
2024-08-03 14:51:53,015 - train - INFO - train loss: 7445.249850
2024-08-03 14:51:53,015 - train - INFO - train loss kl: -83.997312
2024-08-03 14:51:53,015 - train - INFO - train loss reconstruction: 7445.249850
2024-08-03 14:51:55,534 - train - INFO - epoch: 1430
2024-08-03 14:51:55,799 - train - INFO - train loss: 7376.569035
2024-08-03 14:51:55,799 - train - INFO - train loss kl: -83.407315
2024-08-03 14:51:55,799 - train - INFO - train loss reconstruction: 7376.569035
2024-08-03 14:51:58,248 - train - INFO - epoch: 1440
2024-08-03 14:51:58,510 - train - INFO - train loss: 7448.931791
2024-08-03 14:51:58,511 - train - INFO - train loss kl: -85.484102
2024-08-03 14:51:58,511 - train - INFO - train loss reconstruction: 7448.931791
2024-08-03 14:52:01,004 - train - INFO - epoch: 1450
2024-08-03 14:52:01,267 - train - INFO - train loss: 7446.117394
2024-08-03 14:52:01,267 - train - INFO - train loss kl: -85.298786
2024-08-03 14:52:01,267 - train - INFO - train loss reconstruction: 7446.117394
2024-08-03 14:52:03,730 - train - INFO - epoch: 1460
2024-08-03 14:52:04,020 - train - INFO - train loss: 7451.537335
2024-08-03 14:52:04,021 - train - INFO - train loss kl: -84.018596
2024-08-03 14:52:04,021 - train - INFO - train loss reconstruction: 7451.537335
2024-08-03 14:52:06,444 - train - INFO - epoch: 1470
2024-08-03 14:52:06,717 - train - INFO - train loss: 7393.510329
2024-08-03 14:52:06,717 - train - INFO - train loss kl: -83.589846
2024-08-03 14:52:06,717 - train - INFO - train loss reconstruction: 7393.510329
2024-08-03 14:52:09,292 - train - INFO - epoch: 1480
2024-08-03 14:52:09,557 - train - INFO - train loss: 7416.119441
2024-08-03 14:52:09,558 - train - INFO - train loss kl: -85.055722
2024-08-03 14:52:09,558 - train - INFO - train loss reconstruction: 7416.119441
2024-08-03 14:52:11,990 - train - INFO - epoch: 1490
2024-08-03 14:52:12,258 - train - INFO - train loss: 7428.554725
2024-08-03 14:52:12,258 - train - INFO - train loss kl: -83.551855
2024-08-03 14:52:12,258 - train - INFO - train loss reconstruction: 7428.554725
2024-08-03 14:52:14,720 - train - INFO - epoch: 1500
2024-08-03 14:52:15,024 - train - INFO - train loss: 7477.611835
2024-08-03 14:52:15,025 - train - INFO - train loss kl: -84.352551
2024-08-03 14:52:15,025 - train - INFO - train loss reconstruction: 7477.611835
2024-08-03 14:52:15,365 - train - INFO - valid loss: 8767.131104
2024-08-03 14:52:15,366 - train - INFO - valid accuracy: nan
2024-08-03 14:52:17,820 - train - INFO - epoch: 1510
2024-08-03 14:52:18,090 - train - INFO - train loss: 7365.722769
2024-08-03 14:52:18,091 - train - INFO - train loss kl: -85.808771
2024-08-03 14:52:18,091 - train - INFO - train loss reconstruction: 7365.722769
2024-08-03 14:52:20,537 - train - INFO - epoch: 1520
2024-08-03 14:52:20,798 - train - INFO - train loss: 7421.928448
2024-08-03 14:52:20,798 - train - INFO - train loss kl: -86.840891
2024-08-03 14:52:20,798 - train - INFO - train loss reconstruction: 7421.928448
2024-08-03 14:52:23,247 - train - INFO - epoch: 1530
2024-08-03 14:52:23,516 - train - INFO - train loss: 7474.748385
2024-08-03 14:52:23,517 - train - INFO - train loss kl: -86.641851
2024-08-03 14:52:23,517 - train - INFO - train loss reconstruction: 7474.748385
2024-08-03 14:52:26,263 - train - INFO - epoch: 1540
2024-08-03 14:52:26,550 - train - INFO - train loss: 7363.547664
2024-08-03 14:52:26,550 - train - INFO - train loss kl: -87.382788
2024-08-03 14:52:26,550 - train - INFO - train loss reconstruction: 7363.547664
2024-08-03 14:52:28,997 - train - INFO - epoch: 1550
2024-08-03 14:52:29,265 - train - INFO - train loss: 7487.355919
2024-08-03 14:52:29,265 - train - INFO - train loss kl: -86.240918
2024-08-03 14:52:29,265 - train - INFO - train loss reconstruction: 7487.355919
2024-08-03 14:52:31,718 - train - INFO - epoch: 1560
2024-08-03 14:52:31,981 - train - INFO - train loss: 7426.449557
2024-08-03 14:52:31,981 - train - INFO - train loss kl: -88.012908
2024-08-03 14:52:31,981 - train - INFO - train loss reconstruction: 7426.449557
2024-08-03 14:52:34,627 - train - INFO - epoch: 1570
2024-08-03 14:52:34,908 - train - INFO - train loss: 7592.628700
2024-08-03 14:52:34,908 - train - INFO - train loss kl: -85.248350
2024-08-03 14:52:34,909 - train - INFO - train loss reconstruction: 7592.628700
2024-08-03 14:52:37,549 - train - INFO - epoch: 1580
2024-08-03 14:52:37,870 - train - INFO - train loss: 7470.207632
2024-08-03 14:52:37,871 - train - INFO - train loss kl: -85.744900
2024-08-03 14:52:37,871 - train - INFO - train loss reconstruction: 7470.207632
2024-08-03 14:52:40,581 - train - INFO - epoch: 1590
2024-08-03 14:52:40,864 - train - INFO - train loss: 7538.367920
2024-08-03 14:52:40,864 - train - INFO - train loss kl: -87.586550
2024-08-03 14:52:40,865 - train - INFO - train loss reconstruction: 7538.367920
2024-08-03 14:52:43,649 - train - INFO - epoch: 1600
2024-08-03 14:52:43,966 - train - INFO - train loss: 7473.665396
2024-08-03 14:52:43,966 - train - INFO - train loss kl: -88.760277
2024-08-03 14:52:43,966 - train - INFO - train loss reconstruction: 7473.665396
2024-08-03 14:52:44,486 - train - INFO - valid loss: 8768.825684
2024-08-03 14:52:44,489 - train - INFO - valid accuracy: nan
2024-08-03 14:52:47,272 - train - INFO - epoch: 1610
2024-08-03 14:52:47,575 - train - INFO - train loss: 7394.704703
2024-08-03 14:52:47,575 - train - INFO - train loss kl: -86.078030
2024-08-03 14:52:47,575 - train - INFO - train loss reconstruction: 7394.704703
2024-08-03 14:52:50,216 - train - INFO - epoch: 1620
2024-08-03 14:52:50,520 - train - INFO - train loss: 7425.111272
2024-08-03 14:52:50,521 - train - INFO - train loss kl: -88.165188
2024-08-03 14:52:50,521 - train - INFO - train loss reconstruction: 7425.111272
2024-08-03 14:52:53,459 - train - INFO - epoch: 1630
2024-08-03 14:52:53,793 - train - INFO - train loss: 7525.881742
2024-08-03 14:52:53,793 - train - INFO - train loss kl: -89.469631
2024-08-03 14:52:53,793 - train - INFO - train loss reconstruction: 7525.881742
2024-08-03 14:52:56,832 - train - INFO - epoch: 1640
2024-08-03 14:52:57,118 - train - INFO - train loss: 7353.991887
2024-08-03 14:52:57,119 - train - INFO - train loss kl: -87.027284
2024-08-03 14:52:57,119 - train - INFO - train loss reconstruction: 7353.991887
2024-08-03 14:52:59,924 - train - INFO - epoch: 1650
2024-08-03 14:53:00,222 - train - INFO - train loss: 7440.917067
2024-08-03 14:53:00,222 - train - INFO - train loss kl: -90.180970
2024-08-03 14:53:00,223 - train - INFO - train loss reconstruction: 7440.917067
2024-08-03 14:53:03,183 - train - INFO - epoch: 1660
2024-08-03 14:53:03,471 - train - INFO - train loss: 7544.928598
2024-08-03 14:53:03,471 - train - INFO - train loss kl: -91.169613
2024-08-03 14:53:03,471 - train - INFO - train loss reconstruction: 7544.928598
2024-08-03 14:53:06,264 - train - INFO - epoch: 1670
2024-08-03 14:53:06,547 - train - INFO - train loss: 7355.491887
2024-08-03 14:53:06,547 - train - INFO - train loss kl: -90.115311
2024-08-03 14:53:06,547 - train - INFO - train loss reconstruction: 7355.491887
2024-08-03 14:53:09,054 - train - INFO - epoch: 1680
2024-08-03 14:53:09,332 - train - INFO - train loss: 7589.964994
2024-08-03 14:53:09,333 - train - INFO - train loss kl: -89.624476
2024-08-03 14:53:09,333 - train - INFO - train loss reconstruction: 7589.964994
2024-08-03 14:53:11,819 - train - INFO - epoch: 1690
2024-08-03 14:53:12,091 - train - INFO - train loss: 7376.523325
2024-08-03 14:53:12,091 - train - INFO - train loss kl: -89.540200
2024-08-03 14:53:12,091 - train - INFO - train loss reconstruction: 7376.523325
2024-08-03 14:53:14,668 - train - INFO - epoch: 1700
2024-08-03 14:53:14,950 - train - INFO - train loss: 7549.867864
2024-08-03 14:53:14,951 - train - INFO - train loss kl: -91.267684
2024-08-03 14:53:14,951 - train - INFO - train loss reconstruction: 7549.867864
2024-08-03 14:53:15,461 - train - INFO - valid loss: 8540.957275
2024-08-03 14:53:15,463 - train - INFO - valid accuracy: nan
2024-08-03 14:53:18,198 - train - INFO - epoch: 1710
2024-08-03 14:53:18,613 - train - INFO - train loss: 7445.364145
2024-08-03 14:53:18,613 - train - INFO - train loss kl: -90.782040
2024-08-03 14:53:18,613 - train - INFO - train loss reconstruction: 7445.364145
2024-08-03 14:53:21,437 - train - INFO - epoch: 1720
2024-08-03 14:53:21,730 - train - INFO - train loss: 7382.106032
2024-08-03 14:53:21,730 - train - INFO - train loss kl: -91.646876
2024-08-03 14:53:21,731 - train - INFO - train loss reconstruction: 7382.106032
2024-08-03 14:53:25,048 - train - INFO - epoch: 1730
2024-08-03 14:53:25,364 - train - INFO - train loss: 7455.323524
2024-08-03 14:53:25,365 - train - INFO - train loss kl: -92.150067
2024-08-03 14:53:25,365 - train - INFO - train loss reconstruction: 7455.323524
2024-08-03 14:53:28,237 - train - INFO - epoch: 1740
2024-08-03 14:53:28,526 - train - INFO - train loss: 7503.624286
2024-08-03 14:53:28,526 - train - INFO - train loss kl: -92.185838
2024-08-03 14:53:28,526 - train - INFO - train loss reconstruction: 7503.624286
2024-08-03 14:53:31,054 - train - INFO - epoch: 1750
2024-08-03 14:53:31,322 - train - INFO - train loss: 7477.388052
2024-08-03 14:53:31,322 - train - INFO - train loss kl: -92.950296
2024-08-03 14:53:31,322 - train - INFO - train loss reconstruction: 7477.388052
2024-08-03 14:53:33,808 - train - INFO - epoch: 1760
2024-08-03 14:53:34,084 - train - INFO - train loss: 7519.950008
2024-08-03 14:53:34,084 - train - INFO - train loss kl: -92.258944
2024-08-03 14:53:34,084 - train - INFO - train loss reconstruction: 7519.950008
2024-08-03 14:53:36,574 - train - INFO - epoch: 1770
2024-08-03 14:53:36,870 - train - INFO - train loss: 7508.728459
2024-08-03 14:53:36,870 - train - INFO - train loss kl: -90.934462
2024-08-03 14:53:36,870 - train - INFO - train loss reconstruction: 7508.728459
2024-08-03 14:53:39,321 - train - INFO - epoch: 1780
2024-08-03 14:53:39,589 - train - INFO - train loss: 7359.235164
2024-08-03 14:53:39,589 - train - INFO - train loss kl: -91.215070
2024-08-03 14:53:39,590 - train - INFO - train loss reconstruction: 7359.235164
2024-08-03 14:53:42,048 - train - INFO - epoch: 1790
2024-08-03 14:53:42,319 - train - INFO - train loss: 7416.515625
2024-08-03 14:53:42,319 - train - INFO - train loss kl: -90.605542
2024-08-03 14:53:42,319 - train - INFO - train loss reconstruction: 7416.515625
2024-08-03 14:53:44,779 - train - INFO - epoch: 1800
2024-08-03 14:53:45,060 - train - INFO - train loss: 7457.150053
2024-08-03 14:53:45,061 - train - INFO - train loss kl: -92.204256
2024-08-03 14:53:45,061 - train - INFO - train loss reconstruction: 7457.150053
2024-08-03 14:53:45,469 - train - INFO - valid loss: 8636.391846
2024-08-03 14:53:45,470 - train - INFO - valid accuracy: nan
2024-08-03 14:53:48,324 - train - INFO - epoch: 1810
2024-08-03 14:53:48,647 - train - INFO - train loss: 7511.798565
2024-08-03 14:53:48,647 - train - INFO - train loss kl: -91.303663
2024-08-03 14:53:48,647 - train - INFO - train loss reconstruction: 7511.798565
2024-08-03 14:53:51,228 - train - INFO - epoch: 1820
2024-08-03 14:53:51,500 - train - INFO - train loss: 7427.095759
2024-08-03 14:53:51,500 - train - INFO - train loss kl: -91.804446
2024-08-03 14:53:51,500 - train - INFO - train loss reconstruction: 7427.095759
2024-08-03 14:53:54,073 - train - INFO - epoch: 1830
2024-08-03 14:53:54,350 - train - INFO - train loss: 7440.582707
2024-08-03 14:53:54,350 - train - INFO - train loss kl: -92.162524
2024-08-03 14:53:54,350 - train - INFO - train loss reconstruction: 7440.582707
2024-08-03 14:53:56,829 - train - INFO - epoch: 1840
2024-08-03 14:53:57,129 - train - INFO - train loss: 7440.794828
2024-08-03 14:53:57,129 - train - INFO - train loss kl: -92.342722
2024-08-03 14:53:57,129 - train - INFO - train loss reconstruction: 7440.794828
2024-08-03 14:53:59,586 - train - INFO - epoch: 1850
2024-08-03 14:53:59,850 - train - INFO - train loss: 7434.350661
2024-08-03 14:53:59,850 - train - INFO - train loss kl: -94.255450
2024-08-03 14:53:59,850 - train - INFO - train loss reconstruction: 7434.350661
2024-08-03 14:54:02,775 - train - INFO - epoch: 1860
2024-08-03 14:54:03,071 - train - INFO - train loss: 7359.469727
2024-08-03 14:54:03,071 - train - INFO - train loss kl: -91.084946
2024-08-03 14:54:03,071 - train - INFO - train loss reconstruction: 7359.469727
2024-08-03 14:54:06,046 - train - INFO - epoch: 1870
2024-08-03 14:54:06,341 - train - INFO - train loss: 7518.062725
2024-08-03 14:54:06,341 - train - INFO - train loss kl: -92.715417
2024-08-03 14:54:06,341 - train - INFO - train loss reconstruction: 7518.062725
2024-08-03 14:54:09,003 - train - INFO - epoch: 1880
2024-08-03 14:54:09,292 - train - INFO - train loss: 7472.423546
2024-08-03 14:54:09,292 - train - INFO - train loss kl: -91.294648
2024-08-03 14:54:09,292 - train - INFO - train loss reconstruction: 7472.423546
2024-08-03 14:54:11,844 - train - INFO - epoch: 1890
2024-08-03 14:54:12,130 - train - INFO - train loss: 7381.092623
2024-08-03 14:54:12,130 - train - INFO - train loss kl: -91.390557
2024-08-03 14:54:12,130 - train - INFO - train loss reconstruction: 7381.092623
2024-08-03 14:54:14,652 - train - INFO - epoch: 1900
2024-08-03 14:54:14,973 - train - INFO - train loss: 7324.823280
2024-08-03 14:54:14,973 - train - INFO - train loss kl: -92.936746
2024-08-03 14:54:14,973 - train - INFO - train loss reconstruction: 7324.823280
2024-08-03 14:54:15,347 - train - INFO - valid loss: 8580.322266
2024-08-03 14:54:15,348 - train - INFO - valid accuracy: nan
2024-08-03 14:54:18,023 - train - INFO - epoch: 1910
2024-08-03 14:54:18,312 - train - INFO - train loss: 7404.124399
2024-08-03 14:54:18,312 - train - INFO - train loss kl: -92.508921
2024-08-03 14:54:18,312 - train - INFO - train loss reconstruction: 7404.124399
2024-08-03 14:54:21,295 - train - INFO - epoch: 1920
2024-08-03 14:54:21,622 - train - INFO - train loss: 7476.559345
2024-08-03 14:54:21,622 - train - INFO - train loss kl: -94.292811
2024-08-03 14:54:21,622 - train - INFO - train loss reconstruction: 7476.559345
2024-08-03 14:54:24,174 - train - INFO - epoch: 1930
2024-08-03 14:54:24,463 - train - INFO - train loss: 7381.753512
2024-08-03 14:54:24,463 - train - INFO - train loss kl: -96.456877
2024-08-03 14:54:24,463 - train - INFO - train loss reconstruction: 7381.753512
2024-08-03 14:54:26,951 - train - INFO - epoch: 1940
2024-08-03 14:54:27,209 - train - INFO - train loss: 7288.613582
2024-08-03 14:54:27,209 - train - INFO - train loss kl: -95.744225
2024-08-03 14:54:27,210 - train - INFO - train loss reconstruction: 7288.613582
2024-08-03 14:54:29,711 - train - INFO - epoch: 1950
2024-08-03 14:54:29,992 - train - INFO - train loss: 7332.224628
2024-08-03 14:54:29,992 - train - INFO - train loss kl: -95.306204
2024-08-03 14:54:29,992 - train - INFO - train loss reconstruction: 7332.224628
2024-08-03 14:54:32,509 - train - INFO - epoch: 1960
2024-08-03 14:54:32,785 - train - INFO - train loss: 7518.720985
2024-08-03 14:54:32,785 - train - INFO - train loss kl: -94.785241
2024-08-03 14:54:32,785 - train - INFO - train loss reconstruction: 7518.720985
2024-08-03 14:54:35,303 - train - INFO - epoch: 1970
2024-08-03 14:54:35,579 - train - INFO - train loss: 7353.002686
2024-08-03 14:54:35,579 - train - INFO - train loss kl: -94.067763
2024-08-03 14:54:35,579 - train - INFO - train loss reconstruction: 7353.002686
2024-08-03 14:54:38,050 - train - INFO - epoch: 1980
2024-08-03 14:54:38,318 - train - INFO - train loss: 7556.211989
2024-08-03 14:54:38,318 - train - INFO - train loss kl: -94.204796
2024-08-03 14:54:38,318 - train - INFO - train loss reconstruction: 7556.211989
2024-08-03 14:54:40,810 - train - INFO - epoch: 1990
2024-08-03 14:54:41,078 - train - INFO - train loss: 7404.755953
2024-08-03 14:54:41,078 - train - INFO - train loss kl: -95.292923
2024-08-03 14:54:41,078 - train - INFO - train loss reconstruction: 7404.755953
2024-08-03 14:54:43,558 - train - INFO - epoch: 2000
2024-08-03 14:54:43,844 - train - INFO - train loss: 7385.168232
2024-08-03 14:54:43,844 - train - INFO - train loss kl: -94.504629
2024-08-03 14:54:43,844 - train - INFO - train loss reconstruction: 7385.168232
2024-08-03 14:54:44,208 - train - INFO - valid loss: 8560.550537
2024-08-03 14:54:44,210 - train - INFO - valid accuracy: nan
2024-08-03 14:54:46,822 - train - INFO - epoch: 2010
2024-08-03 14:54:47,101 - train - INFO - train loss: 7489.550556
2024-08-03 14:54:47,102 - train - INFO - train loss kl: -96.474337
2024-08-03 14:54:47,102 - train - INFO - train loss reconstruction: 7489.550556
