2024-08-03 20:26:59,240 - train - INFO - training started
2024-08-03 20:26:59,247 - train - INFO - epoch: 0
2024-08-03 20:26:59,543 - train - INFO - train loss: 18807.194862
2024-08-03 20:26:59,543 - train - INFO - train loss kl: 254.333334
2024-08-03 20:26:59,543 - train - INFO - train loss reconstruction: 18552.861553
2024-08-03 20:27:00,058 - train - INFO - valid loss: 11292.250977
2024-08-03 20:27:00,062 - train - INFO - valid accuracy: nan
2024-08-03 20:27:01,633 - train - INFO - epoch: 10
2024-08-03 20:27:01,797 - train - INFO - train loss: 10877.213341
2024-08-03 20:27:01,797 - train - INFO - train loss kl: 247.546271
2024-08-03 20:27:01,798 - train - INFO - train loss reconstruction: 10629.667180
2024-08-03 20:27:03,371 - train - INFO - epoch: 20
2024-08-03 20:27:03,554 - train - INFO - train loss: 10276.777719
2024-08-03 20:27:03,554 - train - INFO - train loss kl: 290.023976
2024-08-03 20:27:03,554 - train - INFO - train loss reconstruction: 9986.753831
2024-08-03 20:27:05,071 - train - INFO - epoch: 30
2024-08-03 20:27:05,238 - train - INFO - train loss: 9862.236553
2024-08-03 20:27:05,238 - train - INFO - train loss kl: 329.035771
2024-08-03 20:27:05,238 - train - INFO - train loss reconstruction: 9533.200796
2024-08-03 20:27:06,816 - train - INFO - epoch: 40
2024-08-03 20:27:07,023 - train - INFO - train loss: 9631.670523
2024-08-03 20:27:07,023 - train - INFO - train loss kl: 338.580591
2024-08-03 20:27:07,023 - train - INFO - train loss reconstruction: 9293.089844
2024-08-03 20:27:08,739 - train - INFO - epoch: 50
2024-08-03 20:27:08,941 - train - INFO - train loss: 9480.293758
2024-08-03 20:27:08,941 - train - INFO - train loss kl: 328.654309
2024-08-03 20:27:08,941 - train - INFO - train loss reconstruction: 9151.639386
2024-08-03 20:27:10,535 - train - INFO - epoch: 60
2024-08-03 20:27:10,738 - train - INFO - train loss: 9333.961463
2024-08-03 20:27:10,738 - train - INFO - train loss kl: 356.547934
2024-08-03 20:27:10,738 - train - INFO - train loss reconstruction: 8977.413499
2024-08-03 20:27:12,866 - train - INFO - epoch: 70
2024-08-03 20:27:13,086 - train - INFO - train loss: 9236.861478
2024-08-03 20:27:13,086 - train - INFO - train loss kl: 361.069222
2024-08-03 20:27:13,086 - train - INFO - train loss reconstruction: 8875.792293
2024-08-03 20:27:15,087 - train - INFO - epoch: 80
2024-08-03 20:27:15,307 - train - INFO - train loss: 9118.307129
2024-08-03 20:27:15,307 - train - INFO - train loss kl: 373.254114
2024-08-03 20:27:15,307 - train - INFO - train loss reconstruction: 8745.052922
2024-08-03 20:27:17,370 - train - INFO - epoch: 90
2024-08-03 20:27:17,600 - train - INFO - train loss: 9099.938326
2024-08-03 20:27:17,601 - train - INFO - train loss kl: 374.836499
2024-08-03 20:27:17,601 - train - INFO - train loss reconstruction: 8725.102013
2024-08-03 20:27:19,604 - train - INFO - epoch: 100
2024-08-03 20:27:19,842 - train - INFO - train loss: 9080.617826
2024-08-03 20:27:19,842 - train - INFO - train loss kl: 357.323361
2024-08-03 20:27:19,843 - train - INFO - train loss reconstruction: 8723.294358
2024-08-03 20:27:20,133 - train - INFO - valid loss: 7841.133545
2024-08-03 20:27:20,134 - train - INFO - valid accuracy: nan
2024-08-03 20:27:22,176 - train - INFO - epoch: 110
2024-08-03 20:27:22,406 - train - INFO - train loss: 8987.008301
2024-08-03 20:27:22,406 - train - INFO - train loss kl: 373.454154
2024-08-03 20:27:22,406 - train - INFO - train loss reconstruction: 8613.554237
2024-08-03 20:27:24,448 - train - INFO - epoch: 120
2024-08-03 20:27:24,689 - train - INFO - train loss: 8943.356445
2024-08-03 20:27:24,690 - train - INFO - train loss kl: 368.114734
2024-08-03 20:27:24,690 - train - INFO - train loss reconstruction: 8575.241587
2024-08-03 20:27:26,738 - train - INFO - epoch: 130
2024-08-03 20:27:26,963 - train - INFO - train loss: 8897.814453
2024-08-03 20:27:26,963 - train - INFO - train loss kl: 368.399946
2024-08-03 20:27:26,963 - train - INFO - train loss reconstruction: 8529.414438
2024-08-03 20:27:29,048 - train - INFO - epoch: 140
2024-08-03 20:27:29,271 - train - INFO - train loss: 8811.318021
2024-08-03 20:27:29,271 - train - INFO - train loss kl: 390.450115
2024-08-03 20:27:29,272 - train - INFO - train loss reconstruction: 8420.867864
2024-08-03 20:27:31,451 - train - INFO - epoch: 150
2024-08-03 20:27:31,740 - train - INFO - train loss: 8808.622333
2024-08-03 20:27:31,740 - train - INFO - train loss kl: 375.650985
2024-08-03 20:27:31,740 - train - INFO - train loss reconstruction: 8432.971379
2024-08-03 20:27:34,067 - train - INFO - epoch: 160
2024-08-03 20:27:34,325 - train - INFO - train loss: 8774.320801
2024-08-03 20:27:34,326 - train - INFO - train loss kl: 406.924471
2024-08-03 20:27:34,326 - train - INFO - train loss reconstruction: 8367.396146
2024-08-03 20:27:36,589 - train - INFO - epoch: 170
2024-08-03 20:27:36,838 - train - INFO - train loss: 8791.457520
2024-08-03 20:27:36,839 - train - INFO - train loss kl: 395.006179
2024-08-03 20:27:36,839 - train - INFO - train loss reconstruction: 8396.451322
2024-08-03 20:27:39,127 - train - INFO - epoch: 180
2024-08-03 20:27:39,380 - train - INFO - train loss: 8730.973407
2024-08-03 20:27:39,380 - train - INFO - train loss kl: 379.780724
2024-08-03 20:27:39,381 - train - INFO - train loss reconstruction: 8351.192721
2024-08-03 20:27:41,674 - train - INFO - epoch: 190
2024-08-03 20:27:41,919 - train - INFO - train loss: 8789.999061
2024-08-03 20:27:41,920 - train - INFO - train loss kl: 388.758845
2024-08-03 20:27:41,920 - train - INFO - train loss reconstruction: 8401.240084
2024-08-03 20:27:44,236 - train - INFO - epoch: 200
2024-08-03 20:27:44,531 - train - INFO - train loss: 8673.259916
2024-08-03 20:27:44,531 - train - INFO - train loss kl: 387.147056
2024-08-03 20:27:44,532 - train - INFO - train loss reconstruction: 8286.112887
2024-08-03 20:27:44,870 - train - INFO - valid loss: 7948.311035
2024-08-03 20:27:44,871 - train - INFO - valid accuracy: nan
2024-08-03 20:27:47,332 - train - INFO - epoch: 210
2024-08-03 20:27:47,576 - train - INFO - train loss: 8732.784367
2024-08-03 20:27:47,576 - train - INFO - train loss kl: 392.718579
2024-08-03 20:27:47,576 - train - INFO - train loss reconstruction: 8340.065768
2024-08-03 20:27:50,024 - train - INFO - epoch: 220
2024-08-03 20:27:50,270 - train - INFO - train loss: 8619.777644
2024-08-03 20:27:50,270 - train - INFO - train loss kl: 397.455347
2024-08-03 20:27:50,270 - train - INFO - train loss reconstruction: 8222.322378
2024-08-03 20:27:52,684 - train - INFO - epoch: 230
2024-08-03 20:27:52,948 - train - INFO - train loss: 8596.427471
2024-08-03 20:27:52,948 - train - INFO - train loss kl: 385.403913
2024-08-03 20:27:52,948 - train - INFO - train loss reconstruction: 8211.023625
2024-08-03 20:27:55,772 - train - INFO - epoch: 240
2024-08-03 20:27:56,048 - train - INFO - train loss: 8638.816406
2024-08-03 20:27:56,048 - train - INFO - train loss kl: 392.953748
2024-08-03 20:27:56,049 - train - INFO - train loss reconstruction: 8245.862568
2024-08-03 20:27:58,885 - train - INFO - epoch: 250
2024-08-03 20:27:59,207 - train - INFO - train loss: 8628.934908
2024-08-03 20:27:59,208 - train - INFO - train loss kl: 405.538162
2024-08-03 20:27:59,208 - train - INFO - train loss reconstruction: 8223.396785
2024-08-03 20:28:01,606 - train - INFO - epoch: 260
2024-08-03 20:28:01,878 - train - INFO - train loss: 8637.800931
2024-08-03 20:28:01,878 - train - INFO - train loss kl: 400.491054
2024-08-03 20:28:01,878 - train - INFO - train loss reconstruction: 8237.309946
2024-08-03 20:28:04,441 - train - INFO - epoch: 270
2024-08-03 20:28:04,715 - train - INFO - train loss: 8608.253944
2024-08-03 20:28:04,715 - train - INFO - train loss kl: 403.536348
2024-08-03 20:28:04,715 - train - INFO - train loss reconstruction: 8204.717548
2024-08-03 20:28:07,277 - train - INFO - epoch: 280
2024-08-03 20:28:07,543 - train - INFO - train loss: 8586.079740
2024-08-03 20:28:07,543 - train - INFO - train loss kl: 403.706489
2024-08-03 20:28:07,543 - train - INFO - train loss reconstruction: 8182.373310
2024-08-03 20:28:09,915 - train - INFO - epoch: 290
2024-08-03 20:28:10,178 - train - INFO - train loss: 8556.281889
2024-08-03 20:28:10,178 - train - INFO - train loss kl: 395.973564
2024-08-03 20:28:10,178 - train - INFO - train loss reconstruction: 8160.308481
2024-08-03 20:28:12,604 - train - INFO - epoch: 300
2024-08-03 20:28:12,878 - train - INFO - train loss: 8638.293419
2024-08-03 20:28:12,878 - train - INFO - train loss kl: 397.396721
2024-08-03 20:28:12,878 - train - INFO - train loss reconstruction: 8240.896672
2024-08-03 20:28:13,201 - train - INFO - valid loss: 8268.987793
2024-08-03 20:28:13,203 - train - INFO - valid accuracy: nan
2024-08-03 20:28:15,655 - train - INFO - epoch: 310
2024-08-03 20:28:15,913 - train - INFO - train loss: 8529.769306
2024-08-03 20:28:15,913 - train - INFO - train loss kl: 385.915456
2024-08-03 20:28:15,913 - train - INFO - train loss reconstruction: 8143.853891
2024-08-03 20:28:18,813 - train - INFO - epoch: 320
2024-08-03 20:28:19,081 - train - INFO - train loss: 8548.911358
2024-08-03 20:28:19,081 - train - INFO - train loss kl: 409.722271
2024-08-03 20:28:19,081 - train - INFO - train loss reconstruction: 8139.189078
2024-08-03 20:28:21,476 - train - INFO - epoch: 330
2024-08-03 20:28:21,733 - train - INFO - train loss: 8486.317721
2024-08-03 20:28:21,733 - train - INFO - train loss kl: 412.018836
2024-08-03 20:28:21,733 - train - INFO - train loss reconstruction: 8074.298884
2024-08-03 20:28:24,074 - train - INFO - epoch: 340
2024-08-03 20:28:24,333 - train - INFO - train loss: 8488.533428
2024-08-03 20:28:24,333 - train - INFO - train loss kl: 411.256136
2024-08-03 20:28:24,333 - train - INFO - train loss reconstruction: 8077.277269
2024-08-03 20:28:26,662 - train - INFO - epoch: 350
2024-08-03 20:28:26,920 - train - INFO - train loss: 8511.284142
2024-08-03 20:28:26,920 - train - INFO - train loss kl: 396.361417
2024-08-03 20:28:26,920 - train - INFO - train loss reconstruction: 8114.922701
2024-08-03 20:28:29,200 - train - INFO - epoch: 360
2024-08-03 20:28:29,476 - train - INFO - train loss: 8467.705604
2024-08-03 20:28:29,476 - train - INFO - train loss kl: 406.235908
2024-08-03 20:28:29,477 - train - INFO - train loss reconstruction: 8061.469764
2024-08-03 20:28:31,812 - train - INFO - epoch: 370
2024-08-03 20:28:32,072 - train - INFO - train loss: 8475.649414
2024-08-03 20:28:32,072 - train - INFO - train loss kl: 402.708041
2024-08-03 20:28:32,072 - train - INFO - train loss reconstruction: 8072.941350
2024-08-03 20:28:34,571 - train - INFO - epoch: 380
2024-08-03 20:28:34,827 - train - INFO - train loss: 8502.356107
2024-08-03 20:28:34,827 - train - INFO - train loss kl: 414.995742
2024-08-03 20:28:34,827 - train - INFO - train loss reconstruction: 8087.360314
2024-08-03 20:28:37,648 - train - INFO - epoch: 390
2024-08-03 20:28:38,012 - train - INFO - train loss: 8449.872559
2024-08-03 20:28:38,012 - train - INFO - train loss kl: 409.491838
2024-08-03 20:28:38,012 - train - INFO - train loss reconstruction: 8040.380859
2024-08-03 20:28:40,673 - train - INFO - epoch: 400
2024-08-03 20:28:40,999 - train - INFO - train loss: 8409.487004
2024-08-03 20:28:40,999 - train - INFO - train loss kl: 402.913532
2024-08-03 20:28:40,999 - train - INFO - train loss reconstruction: 8006.573505
2024-08-03 20:28:41,516 - train - INFO - valid loss: 8371.018066
2024-08-03 20:28:41,517 - train - INFO - valid accuracy: nan
2024-08-03 20:28:44,487 - train - INFO - epoch: 410
2024-08-03 20:28:44,766 - train - INFO - train loss: 8407.240535
2024-08-03 20:28:44,766 - train - INFO - train loss kl: 405.563656
2024-08-03 20:28:44,766 - train - INFO - train loss reconstruction: 8001.676758
2024-08-03 20:28:47,324 - train - INFO - epoch: 420
2024-08-03 20:28:47,599 - train - INFO - train loss: 8420.813401
2024-08-03 20:28:47,599 - train - INFO - train loss kl: 409.855485
2024-08-03 20:28:47,599 - train - INFO - train loss reconstruction: 8010.957970
2024-08-03 20:28:50,238 - train - INFO - epoch: 430
2024-08-03 20:28:50,533 - train - INFO - train loss: 8455.781964
2024-08-03 20:28:50,533 - train - INFO - train loss kl: 419.452746
2024-08-03 20:28:50,533 - train - INFO - train loss reconstruction: 8036.329252
2024-08-03 20:28:53,610 - train - INFO - epoch: 440
2024-08-03 20:28:54,045 - train - INFO - train loss: 8440.781081
2024-08-03 20:28:54,045 - train - INFO - train loss kl: 408.492225
2024-08-03 20:28:54,046 - train - INFO - train loss reconstruction: 8032.288818
2024-08-03 20:28:57,286 - train - INFO - epoch: 450
2024-08-03 20:28:57,602 - train - INFO - train loss: 8389.687688
2024-08-03 20:28:57,602 - train - INFO - train loss kl: 411.322364
2024-08-03 20:28:57,602 - train - INFO - train loss reconstruction: 7978.365460
2024-08-03 20:29:00,700 - train - INFO - epoch: 460
2024-08-03 20:29:01,019 - train - INFO - train loss: 8343.181321
2024-08-03 20:29:01,019 - train - INFO - train loss kl: 401.110248
2024-08-03 20:29:01,019 - train - INFO - train loss reconstruction: 7942.071026
2024-08-03 20:29:03,985 - train - INFO - epoch: 470
2024-08-03 20:29:04,305 - train - INFO - train loss: 8354.849609
2024-08-03 20:29:04,305 - train - INFO - train loss kl: 398.272432
2024-08-03 20:29:04,306 - train - INFO - train loss reconstruction: 7956.577148
2024-08-03 20:29:07,465 - train - INFO - epoch: 480
2024-08-03 20:29:07,775 - train - INFO - train loss: 8352.678974
2024-08-03 20:29:07,775 - train - INFO - train loss kl: 415.250559
2024-08-03 20:29:07,775 - train - INFO - train loss reconstruction: 7937.428448
2024-08-03 20:29:10,494 - train - INFO - epoch: 490
2024-08-03 20:29:10,806 - train - INFO - train loss: 8361.267803
2024-08-03 20:29:10,806 - train - INFO - train loss kl: 409.754278
2024-08-03 20:29:10,807 - train - INFO - train loss reconstruction: 7951.513447
2024-08-03 20:29:13,683 - train - INFO - epoch: 500
2024-08-03 20:29:14,026 - train - INFO - train loss: 8405.351074
2024-08-03 20:29:14,026 - train - INFO - train loss kl: 426.768068
2024-08-03 20:29:14,027 - train - INFO - train loss reconstruction: 7978.583196
2024-08-03 20:29:14,448 - train - INFO - valid loss: 8598.761719
2024-08-03 20:29:14,450 - train - INFO - valid accuracy: nan
2024-08-03 20:29:17,441 - train - INFO - epoch: 510
2024-08-03 20:29:17,754 - train - INFO - train loss: 8369.850398
2024-08-03 20:29:17,754 - train - INFO - train loss kl: 405.847106
2024-08-03 20:29:17,754 - train - INFO - train loss reconstruction: 7964.003230
2024-08-03 20:29:20,713 - train - INFO - epoch: 520
2024-08-03 20:29:21,037 - train - INFO - train loss: 8375.209172
2024-08-03 20:29:21,037 - train - INFO - train loss kl: 400.315088
2024-08-03 20:29:21,037 - train - INFO - train loss reconstruction: 7974.894081
2024-08-03 20:29:23,896 - train - INFO - epoch: 530
2024-08-03 20:29:24,245 - train - INFO - train loss: 8347.630822
2024-08-03 20:29:24,245 - train - INFO - train loss kl: 399.118258
2024-08-03 20:29:24,245 - train - INFO - train loss reconstruction: 7948.512432
2024-08-03 20:29:27,188 - train - INFO - epoch: 540
2024-08-03 20:29:27,488 - train - INFO - train loss: 8373.888409
2024-08-03 20:29:27,488 - train - INFO - train loss kl: 415.056398
2024-08-03 20:29:27,488 - train - INFO - train loss reconstruction: 7958.831994
2024-08-03 20:29:30,233 - train - INFO - epoch: 550
2024-08-03 20:29:30,524 - train - INFO - train loss: 8427.368089
2024-08-03 20:29:30,524 - train - INFO - train loss kl: 422.028050
2024-08-03 20:29:30,524 - train - INFO - train loss reconstruction: 8005.340182
2024-08-03 20:29:33,277 - train - INFO - epoch: 560
2024-08-03 20:29:33,597 - train - INFO - train loss: 8384.441669
2024-08-03 20:29:33,597 - train - INFO - train loss kl: 419.740787
2024-08-03 20:29:33,597 - train - INFO - train loss reconstruction: 7964.700984
2024-08-03 20:29:36,231 - train - INFO - epoch: 570
2024-08-03 20:29:36,518 - train - INFO - train loss: 8404.547814
2024-08-03 20:29:36,519 - train - INFO - train loss kl: 421.971155
2024-08-03 20:29:36,519 - train - INFO - train loss reconstruction: 7982.576547
2024-08-03 20:29:39,317 - train - INFO - epoch: 580
2024-08-03 20:29:39,610 - train - INFO - train loss: 8327.025353
2024-08-03 20:29:39,610 - train - INFO - train loss kl: 419.089567
2024-08-03 20:29:39,610 - train - INFO - train loss reconstruction: 7907.935622
2024-08-03 20:29:42,323 - train - INFO - epoch: 590
2024-08-03 20:29:42,643 - train - INFO - train loss: 8260.837891
2024-08-03 20:29:42,643 - train - INFO - train loss kl: 408.207980
2024-08-03 20:29:42,643 - train - INFO - train loss reconstruction: 7852.629864
2024-08-03 20:29:45,354 - train - INFO - epoch: 600
2024-08-03 20:29:45,665 - train - INFO - train loss: 8305.884615
2024-08-03 20:29:45,665 - train - INFO - train loss kl: 414.735302
2024-08-03 20:29:45,665 - train - INFO - train loss reconstruction: 7891.149226
2024-08-03 20:29:46,021 - train - INFO - valid loss: 8562.566406
2024-08-03 20:29:46,023 - train - INFO - valid accuracy: nan
2024-08-03 20:29:48,780 - train - INFO - epoch: 610
2024-08-03 20:29:49,091 - train - INFO - train loss: 8303.065430
2024-08-03 20:29:49,091 - train - INFO - train loss kl: 409.285152
2024-08-03 20:29:49,091 - train - INFO - train loss reconstruction: 7893.780386
2024-08-03 20:29:51,950 - train - INFO - epoch: 620
2024-08-03 20:29:52,244 - train - INFO - train loss: 8287.747934
2024-08-03 20:29:52,245 - train - INFO - train loss kl: 428.125154
2024-08-03 20:29:52,245 - train - INFO - train loss reconstruction: 7859.622709
2024-08-03 20:29:54,933 - train - INFO - epoch: 630
2024-08-03 20:29:55,239 - train - INFO - train loss: 8313.488187
2024-08-03 20:29:55,239 - train - INFO - train loss kl: 414.399949
2024-08-03 20:29:55,240 - train - INFO - train loss reconstruction: 7899.088229
2024-08-03 20:29:58,011 - train - INFO - epoch: 640
2024-08-03 20:29:58,337 - train - INFO - train loss: 8274.840557
2024-08-03 20:29:58,337 - train - INFO - train loss kl: 412.777211
2024-08-03 20:29:58,338 - train - INFO - train loss reconstruction: 7862.063326
2024-08-03 20:30:01,424 - train - INFO - epoch: 650
2024-08-03 20:30:01,715 - train - INFO - train loss: 8296.725173
2024-08-03 20:30:01,715 - train - INFO - train loss kl: 418.268667
2024-08-03 20:30:01,715 - train - INFO - train loss reconstruction: 7878.456505
2024-08-03 20:30:04,706 - train - INFO - epoch: 660
2024-08-03 20:30:05,019 - train - INFO - train loss: 8290.201810
2024-08-03 20:30:05,019 - train - INFO - train loss kl: 416.497230
2024-08-03 20:30:05,019 - train - INFO - train loss reconstruction: 7873.704627
2024-08-03 20:30:07,812 - train - INFO - epoch: 670
2024-08-03 20:30:08,111 - train - INFO - train loss: 8292.803298
2024-08-03 20:30:08,111 - train - INFO - train loss kl: 426.951010
2024-08-03 20:30:08,112 - train - INFO - train loss reconstruction: 7865.852163
2024-08-03 20:30:10,946 - train - INFO - epoch: 680
2024-08-03 20:30:11,265 - train - INFO - train loss: 8314.367713
2024-08-03 20:30:11,266 - train - INFO - train loss kl: 409.151384
2024-08-03 20:30:11,266 - train - INFO - train loss reconstruction: 7905.216384
2024-08-03 20:30:14,548 - train - INFO - epoch: 690
2024-08-03 20:30:14,878 - train - INFO - train loss: 8325.923640
2024-08-03 20:30:14,878 - train - INFO - train loss kl: 412.029873
2024-08-03 20:30:14,878 - train - INFO - train loss reconstruction: 7913.893799
2024-08-03 20:30:17,737 - train - INFO - epoch: 700
2024-08-03 20:30:18,056 - train - INFO - train loss: 8246.401705
2024-08-03 20:30:18,056 - train - INFO - train loss kl: 416.136873
2024-08-03 20:30:18,056 - train - INFO - train loss reconstruction: 7830.264836
2024-08-03 20:30:18,435 - train - INFO - valid loss: 8545.300781
2024-08-03 20:30:18,436 - train - INFO - valid accuracy: nan
2024-08-03 20:30:21,600 - train - INFO - epoch: 710
2024-08-03 20:30:21,969 - train - INFO - train loss: 8221.257625
2024-08-03 20:30:21,969 - train - INFO - train loss kl: 410.954305
2024-08-03 20:30:21,969 - train - INFO - train loss reconstruction: 7810.303335
2024-08-03 20:30:24,704 - train - INFO - epoch: 720
2024-08-03 20:30:24,964 - train - INFO - train loss: 8304.589581
2024-08-03 20:30:24,965 - train - INFO - train loss kl: 421.916865
2024-08-03 20:30:24,965 - train - INFO - train loss reconstruction: 7882.672701
2024-08-03 20:30:27,486 - train - INFO - epoch: 730
2024-08-03 20:30:27,771 - train - INFO - train loss: 8191.127178
2024-08-03 20:30:27,771 - train - INFO - train loss kl: 416.750216
2024-08-03 20:30:27,771 - train - INFO - train loss reconstruction: 7774.376991
2024-08-03 20:30:30,258 - train - INFO - epoch: 740
2024-08-03 20:30:30,519 - train - INFO - train loss: 8334.325083
2024-08-03 20:30:30,520 - train - INFO - train loss kl: 411.954616
2024-08-03 20:30:30,520 - train - INFO - train loss reconstruction: 7922.370530
2024-08-03 20:30:32,904 - train - INFO - epoch: 750
2024-08-03 20:30:33,171 - train - INFO - train loss: 8308.168570
2024-08-03 20:30:33,172 - train - INFO - train loss kl: 422.972795
2024-08-03 20:30:33,172 - train - INFO - train loss reconstruction: 7885.195913
2024-08-03 20:30:35,696 - train - INFO - epoch: 760
2024-08-03 20:30:36,103 - train - INFO - train loss: 8270.368239
2024-08-03 20:30:36,103 - train - INFO - train loss kl: 425.298715
2024-08-03 20:30:36,103 - train - INFO - train loss reconstruction: 7845.069599
2024-08-03 20:30:38,881 - train - INFO - epoch: 770
2024-08-03 20:30:39,183 - train - INFO - train loss: 8261.595102
2024-08-03 20:30:39,183 - train - INFO - train loss kl: 422.472034
2024-08-03 20:30:39,183 - train - INFO - train loss reconstruction: 7839.123084
2024-08-03 20:30:41,598 - train - INFO - epoch: 780
2024-08-03 20:30:41,857 - train - INFO - train loss: 8263.337027
2024-08-03 20:30:41,857 - train - INFO - train loss kl: 413.867826
2024-08-03 20:30:41,858 - train - INFO - train loss reconstruction: 7849.469163
2024-08-03 20:30:44,715 - train - INFO - epoch: 790
2024-08-03 20:30:45,035 - train - INFO - train loss: 8210.812725
2024-08-03 20:30:45,035 - train - INFO - train loss kl: 429.032229
2024-08-03 20:30:45,036 - train - INFO - train loss reconstruction: 7781.780499
2024-08-03 20:30:47,444 - train - INFO - epoch: 800
2024-08-03 20:30:47,719 - train - INFO - train loss: 8222.743859
2024-08-03 20:30:47,720 - train - INFO - train loss kl: 423.045992
2024-08-03 20:30:47,720 - train - INFO - train loss reconstruction: 7799.697848
2024-08-03 20:30:48,204 - train - INFO - valid loss: 8745.075928
2024-08-03 20:30:48,206 - train - INFO - valid accuracy: nan
2024-08-03 20:30:50,685 - train - INFO - epoch: 810
2024-08-03 20:30:50,962 - train - INFO - train loss: 8237.422476
2024-08-03 20:30:50,962 - train - INFO - train loss kl: 413.019348
2024-08-03 20:30:50,962 - train - INFO - train loss reconstruction: 7824.403095
2024-08-03 20:30:53,364 - train - INFO - epoch: 820
2024-08-03 20:30:53,640 - train - INFO - train loss: 8268.790039
2024-08-03 20:30:53,640 - train - INFO - train loss kl: 418.114889
2024-08-03 20:30:53,640 - train - INFO - train loss reconstruction: 7850.675218
2024-08-03 20:30:56,038 - train - INFO - epoch: 830
2024-08-03 20:30:56,312 - train - INFO - train loss: 8235.119986
2024-08-03 20:30:56,312 - train - INFO - train loss kl: 421.636633
2024-08-03 20:30:56,312 - train - INFO - train loss reconstruction: 7813.483342
2024-08-03 20:30:58,735 - train - INFO - epoch: 840
2024-08-03 20:30:58,993 - train - INFO - train loss: 8269.745155
2024-08-03 20:30:58,993 - train - INFO - train loss kl: 417.539011
2024-08-03 20:30:58,994 - train - INFO - train loss reconstruction: 7852.206167
2024-08-03 20:31:01,358 - train - INFO - epoch: 850
2024-08-03 20:31:01,645 - train - INFO - train loss: 8172.598445
2024-08-03 20:31:01,645 - train - INFO - train loss kl: 424.695404
2024-08-03 20:31:01,645 - train - INFO - train loss reconstruction: 7747.903170
2024-08-03 20:31:04,002 - train - INFO - epoch: 860
2024-08-03 20:31:04,264 - train - INFO - train loss: 8242.259578
2024-08-03 20:31:04,264 - train - INFO - train loss kl: 423.358218
2024-08-03 20:31:04,264 - train - INFO - train loss reconstruction: 7818.901424
2024-08-03 20:31:06,657 - train - INFO - epoch: 870
2024-08-03 20:31:06,954 - train - INFO - train loss: 8275.686974
2024-08-03 20:31:06,954 - train - INFO - train loss kl: 429.606296
2024-08-03 20:31:06,954 - train - INFO - train loss reconstruction: 7846.080642
2024-08-03 20:31:09,454 - train - INFO - epoch: 880
2024-08-03 20:31:09,713 - train - INFO - train loss: 8179.198242
2024-08-03 20:31:09,713 - train - INFO - train loss kl: 429.955356
2024-08-03 20:31:09,713 - train - INFO - train loss reconstruction: 7749.242826
2024-08-03 20:31:12,577 - train - INFO - epoch: 890
2024-08-03 20:31:12,868 - train - INFO - train loss: 8295.620793
2024-08-03 20:31:12,868 - train - INFO - train loss kl: 421.940197
2024-08-03 20:31:12,868 - train - INFO - train loss reconstruction: 7873.680627
2024-08-03 20:31:15,381 - train - INFO - epoch: 900
2024-08-03 20:31:15,662 - train - INFO - train loss: 8281.472506
2024-08-03 20:31:15,663 - train - INFO - train loss kl: 421.561129
2024-08-03 20:31:15,663 - train - INFO - train loss reconstruction: 7859.911396
2024-08-03 20:31:16,038 - train - INFO - valid loss: 8816.082520
2024-08-03 20:31:16,039 - train - INFO - valid accuracy: nan
2024-08-03 20:31:18,508 - train - INFO - epoch: 910
2024-08-03 20:31:18,767 - train - INFO - train loss: 8215.830454
2024-08-03 20:31:18,767 - train - INFO - train loss kl: 422.017064
2024-08-03 20:31:18,767 - train - INFO - train loss reconstruction: 7793.813326
2024-08-03 20:31:21,197 - train - INFO - epoch: 920
2024-08-03 20:31:21,450 - train - INFO - train loss: 8272.883789
2024-08-03 20:31:21,450 - train - INFO - train loss kl: 420.833527
2024-08-03 20:31:21,450 - train - INFO - train loss reconstruction: 7852.050180
2024-08-03 20:31:24,152 - train - INFO - epoch: 930
2024-08-03 20:31:24,431 - train - INFO - train loss: 8212.120944
2024-08-03 20:31:24,431 - train - INFO - train loss kl: 420.491259
2024-08-03 20:31:24,431 - train - INFO - train loss reconstruction: 7791.629657
2024-08-03 20:31:26,964 - train - INFO - epoch: 940
2024-08-03 20:31:27,251 - train - INFO - train loss: 8180.968562
2024-08-03 20:31:27,251 - train - INFO - train loss kl: 435.264341
2024-08-03 20:31:27,252 - train - INFO - train loss reconstruction: 7745.704064
2024-08-03 20:31:29,746 - train - INFO - epoch: 950
2024-08-03 20:31:30,002 - train - INFO - train loss: 8230.664607
2024-08-03 20:31:30,002 - train - INFO - train loss kl: 423.918443
2024-08-03 20:31:30,002 - train - INFO - train loss reconstruction: 7806.746037
2024-08-03 20:31:32,651 - train - INFO - epoch: 960
2024-08-03 20:31:32,923 - train - INFO - train loss: 8267.153208
2024-08-03 20:31:32,923 - train - INFO - train loss kl: 430.595076
2024-08-03 20:31:32,923 - train - INFO - train loss reconstruction: 7836.558312
2024-08-03 20:31:35,518 - train - INFO - epoch: 970
2024-08-03 20:31:35,774 - train - INFO - train loss: 8260.745793
2024-08-03 20:31:35,774 - train - INFO - train loss kl: 425.340860
2024-08-03 20:31:35,774 - train - INFO - train loss reconstruction: 7835.404898
2024-08-03 20:31:38,168 - train - INFO - epoch: 980
2024-08-03 20:31:38,422 - train - INFO - train loss: 8174.306040
2024-08-03 20:31:38,423 - train - INFO - train loss kl: 427.693803
2024-08-03 20:31:38,423 - train - INFO - train loss reconstruction: 7746.612230
2024-08-03 20:31:40,792 - train - INFO - epoch: 990
2024-08-03 20:31:41,037 - train - INFO - train loss: 8183.912072
2024-08-03 20:31:41,037 - train - INFO - train loss kl: 437.740738
2024-08-03 20:31:41,038 - train - INFO - train loss reconstruction: 7746.171387
2024-08-03 20:31:43,388 - train - INFO - epoch: 1000
2024-08-03 20:31:43,662 - train - INFO - train loss: 8272.310697
2024-08-03 20:31:43,662 - train - INFO - train loss kl: 425.222823
2024-08-03 20:31:43,662 - train - INFO - train loss reconstruction: 7847.087928
2024-08-03 20:31:44,002 - train - INFO - valid loss: 9176.787842
2024-08-03 20:31:44,003 - train - INFO - valid accuracy: nan
2024-08-03 20:31:47,211 - train - INFO - epoch: 1010
2024-08-03 20:31:47,495 - train - INFO - train loss: 8306.458346
2024-08-03 20:31:47,495 - train - INFO - train loss kl: 429.153912
2024-08-03 20:31:47,495 - train - INFO - train loss reconstruction: 7877.304575
2024-08-03 20:31:50,012 - train - INFO - epoch: 1020
2024-08-03 20:31:50,274 - train - INFO - train loss: 8188.789250
2024-08-03 20:31:50,274 - train - INFO - train loss kl: 427.663190
2024-08-03 20:31:50,274 - train - INFO - train loss reconstruction: 7761.126089
2024-08-03 20:31:52,655 - train - INFO - epoch: 1030
2024-08-03 20:31:52,922 - train - INFO - train loss: 8224.635160
2024-08-03 20:31:52,922 - train - INFO - train loss kl: 431.447631
2024-08-03 20:31:52,922 - train - INFO - train loss reconstruction: 7793.187425
2024-08-03 20:31:55,889 - train - INFO - epoch: 1040
2024-08-03 20:31:56,193 - train - INFO - train loss: 8125.450646
2024-08-03 20:31:56,193 - train - INFO - train loss kl: 424.584063
2024-08-03 20:31:56,193 - train - INFO - train loss reconstruction: 7700.866587
2024-08-03 20:31:58,732 - train - INFO - epoch: 1050
2024-08-03 20:31:59,023 - train - INFO - train loss: 8251.192157
2024-08-03 20:31:59,023 - train - INFO - train loss kl: 427.749312
2024-08-03 20:31:59,023 - train - INFO - train loss reconstruction: 7823.442909
2024-08-03 20:32:01,486 - train - INFO - epoch: 1060
2024-08-03 20:32:01,744 - train - INFO - train loss: 8181.924579
2024-08-03 20:32:01,744 - train - INFO - train loss kl: 429.085277
2024-08-03 20:32:01,744 - train - INFO - train loss reconstruction: 7752.839393
2024-08-03 20:32:04,188 - train - INFO - epoch: 1070
2024-08-03 20:32:04,469 - train - INFO - train loss: 8409.116455
2024-08-03 20:32:04,469 - train - INFO - train loss kl: 429.410303
2024-08-03 20:32:04,469 - train - INFO - train loss reconstruction: 7979.706092
2024-08-03 20:32:06,901 - train - INFO - epoch: 1080
2024-08-03 20:32:07,174 - train - INFO - train loss: 8203.267691
2024-08-03 20:32:07,174 - train - INFO - train loss kl: 433.586492
2024-08-03 20:32:07,174 - train - INFO - train loss reconstruction: 7769.681284
2024-08-03 20:32:09,648 - train - INFO - epoch: 1090
2024-08-03 20:32:09,938 - train - INFO - train loss: 8219.092435
2024-08-03 20:32:09,938 - train - INFO - train loss kl: 429.305014
2024-08-03 20:32:09,938 - train - INFO - train loss reconstruction: 7789.787485
2024-08-03 20:32:12,387 - train - INFO - epoch: 1100
2024-08-03 20:32:12,654 - train - INFO - train loss: 8178.177284
2024-08-03 20:32:12,655 - train - INFO - train loss kl: 430.470681
2024-08-03 20:32:12,655 - train - INFO - train loss reconstruction: 7747.706656
2024-08-03 20:32:12,982 - train - INFO - valid loss: 9183.758545
2024-08-03 20:32:12,983 - train - INFO - valid accuracy: nan
2024-08-03 20:32:15,682 - train - INFO - epoch: 1110
2024-08-03 20:32:16,245 - train - INFO - train loss: 8240.547776
2024-08-03 20:32:16,245 - train - INFO - train loss kl: 429.190232
2024-08-03 20:32:16,245 - train - INFO - train loss reconstruction: 7811.357535
2024-08-03 20:32:18,872 - train - INFO - epoch: 1120
2024-08-03 20:32:19,150 - train - INFO - train loss: 8116.347506
2024-08-03 20:32:19,150 - train - INFO - train loss kl: 427.666936
2024-08-03 20:32:19,151 - train - INFO - train loss reconstruction: 7688.680608
2024-08-03 20:32:21,652 - train - INFO - epoch: 1130
2024-08-03 20:32:21,915 - train - INFO - train loss: 8170.980807
2024-08-03 20:32:21,915 - train - INFO - train loss kl: 424.102669
2024-08-03 20:32:21,915 - train - INFO - train loss reconstruction: 7746.878174
2024-08-03 20:32:24,398 - train - INFO - epoch: 1140
2024-08-03 20:32:24,679 - train - INFO - train loss: 8126.357009
2024-08-03 20:32:24,679 - train - INFO - train loss kl: 415.409839
2024-08-03 20:32:24,679 - train - INFO - train loss reconstruction: 7710.947266
2024-08-03 20:32:27,121 - train - INFO - epoch: 1150
2024-08-03 20:32:27,394 - train - INFO - train loss: 8169.028208
2024-08-03 20:32:27,394 - train - INFO - train loss kl: 421.572923
2024-08-03 20:32:27,394 - train - INFO - train loss reconstruction: 7747.455266
2024-08-03 20:32:29,836 - train - INFO - epoch: 1160
2024-08-03 20:32:30,110 - train - INFO - train loss: 8166.582782
2024-08-03 20:32:30,111 - train - INFO - train loss kl: 422.673697
2024-08-03 20:32:30,111 - train - INFO - train loss reconstruction: 7743.909180
2024-08-03 20:32:32,577 - train - INFO - epoch: 1170
2024-08-03 20:32:32,849 - train - INFO - train loss: 8176.136174
2024-08-03 20:32:32,849 - train - INFO - train loss kl: 430.874122
2024-08-03 20:32:32,849 - train - INFO - train loss reconstruction: 7745.262151
2024-08-03 20:32:35,484 - train - INFO - epoch: 1180
2024-08-03 20:32:35,742 - train - INFO - train loss: 8130.254395
2024-08-03 20:32:35,743 - train - INFO - train loss kl: 426.244262
2024-08-03 20:32:35,743 - train - INFO - train loss reconstruction: 7704.010104
2024-08-03 20:32:38,098 - train - INFO - epoch: 1190
2024-08-03 20:32:38,392 - train - INFO - train loss: 8142.392728
2024-08-03 20:32:38,392 - train - INFO - train loss kl: 434.892712
2024-08-03 20:32:38,393 - train - INFO - train loss reconstruction: 7707.500150
2024-08-03 20:32:41,047 - train - INFO - epoch: 1200
2024-08-03 20:32:41,312 - train - INFO - train loss: 8146.912147
2024-08-03 20:32:41,312 - train - INFO - train loss kl: 422.995469
2024-08-03 20:32:41,312 - train - INFO - train loss reconstruction: 7723.916729
2024-08-03 20:32:41,641 - train - INFO - valid loss: 8994.595215
2024-08-03 20:32:41,642 - train - INFO - valid accuracy: nan
2024-08-03 20:32:44,865 - train - INFO - epoch: 1210
2024-08-03 20:32:45,126 - train - INFO - train loss: 8173.664701
2024-08-03 20:32:45,126 - train - INFO - train loss kl: 427.242672
2024-08-03 20:32:45,126 - train - INFO - train loss reconstruction: 7746.422175
2024-08-03 20:32:47,525 - train - INFO - epoch: 1220
2024-08-03 20:32:47,802 - train - INFO - train loss: 8192.017879
2024-08-03 20:32:47,802 - train - INFO - train loss kl: 432.310894
2024-08-03 20:32:47,802 - train - INFO - train loss reconstruction: 7759.706994
2024-08-03 20:32:50,220 - train - INFO - epoch: 1230
2024-08-03 20:32:50,491 - train - INFO - train loss: 8168.453801
2024-08-03 20:32:50,491 - train - INFO - train loss kl: 424.163288
2024-08-03 20:32:50,491 - train - INFO - train loss reconstruction: 7744.290396
2024-08-03 20:32:52,953 - train - INFO - epoch: 1240
2024-08-03 20:32:53,222 - train - INFO - train loss: 8109.855995
2024-08-03 20:32:53,222 - train - INFO - train loss kl: 426.196614
2024-08-03 20:32:53,222 - train - INFO - train loss reconstruction: 7683.659405
2024-08-03 20:32:55,719 - train - INFO - epoch: 1250
2024-08-03 20:32:56,007 - train - INFO - train loss: 8198.661508
2024-08-03 20:32:56,008 - train - INFO - train loss kl: 428.274179
2024-08-03 20:32:56,008 - train - INFO - train loss reconstruction: 7770.387245
2024-08-03 20:32:58,520 - train - INFO - epoch: 1260
2024-08-03 20:32:58,877 - train - INFO - train loss: 8118.363770
2024-08-03 20:32:58,877 - train - INFO - train loss kl: 429.311255
2024-08-03 20:32:58,877 - train - INFO - train loss reconstruction: 7689.052509
2024-08-03 20:33:01,502 - train - INFO - epoch: 1270
2024-08-03 20:33:01,786 - train - INFO - train loss: 8148.604567
2024-08-03 20:33:01,786 - train - INFO - train loss kl: 433.559631
2024-08-03 20:33:01,786 - train - INFO - train loss reconstruction: 7715.044922
2024-08-03 20:33:04,649 - train - INFO - epoch: 1280
2024-08-03 20:33:04,941 - train - INFO - train loss: 8242.470741
2024-08-03 20:33:04,941 - train - INFO - train loss kl: 422.769623
2024-08-03 20:33:04,941 - train - INFO - train loss reconstruction: 7819.701059
2024-08-03 20:33:07,408 - train - INFO - epoch: 1290
2024-08-03 20:33:07,694 - train - INFO - train loss: 8219.119103
2024-08-03 20:33:07,694 - train - INFO - train loss kl: 426.066029
2024-08-03 20:33:07,694 - train - INFO - train loss reconstruction: 7793.053148
2024-08-03 20:33:10,162 - train - INFO - epoch: 1300
2024-08-03 20:33:10,444 - train - INFO - train loss: 8124.469952
2024-08-03 20:33:10,444 - train - INFO - train loss kl: 426.048112
2024-08-03 20:33:10,444 - train - INFO - train loss reconstruction: 7698.421725
2024-08-03 20:33:10,757 - train - INFO - valid loss: 9416.416016
2024-08-03 20:33:10,757 - train - INFO - valid accuracy: nan
2024-08-03 20:33:13,354 - train - INFO - epoch: 1310
2024-08-03 20:33:13,623 - train - INFO - train loss: 8056.192946
2024-08-03 20:33:13,623 - train - INFO - train loss kl: 428.353889
2024-08-03 20:33:13,623 - train - INFO - train loss reconstruction: 7627.839130
2024-08-03 20:33:16,235 - train - INFO - epoch: 1320
2024-08-03 20:33:16,546 - train - INFO - train loss: 8219.658541
2024-08-03 20:33:16,546 - train - INFO - train loss kl: 430.075419
2024-08-03 20:33:16,546 - train - INFO - train loss reconstruction: 7789.583196
2024-08-03 20:33:19,079 - train - INFO - epoch: 1330
2024-08-03 20:33:19,352 - train - INFO - train loss: 8105.786339
2024-08-03 20:33:19,352 - train - INFO - train loss kl: 425.376244
2024-08-03 20:33:19,352 - train - INFO - train loss reconstruction: 7680.410081
2024-08-03 20:33:21,818 - train - INFO - epoch: 1340
2024-08-03 20:33:22,088 - train - INFO - train loss: 8136.254808
2024-08-03 20:33:22,088 - train - INFO - train loss kl: 424.773801
2024-08-03 20:33:22,088 - train - INFO - train loss reconstruction: 7711.481107
2024-08-03 20:33:24,549 - train - INFO - epoch: 1350
2024-08-03 20:33:24,810 - train - INFO - train loss: 8043.561448
2024-08-03 20:33:24,810 - train - INFO - train loss kl: 428.468995
2024-08-03 20:33:24,810 - train - INFO - train loss reconstruction: 7615.092492
2024-08-03 20:33:27,204 - train - INFO - epoch: 1360
2024-08-03 20:33:27,469 - train - INFO - train loss: 8151.498347
2024-08-03 20:33:27,469 - train - INFO - train loss kl: 431.931772
2024-08-03 20:33:27,469 - train - INFO - train loss reconstruction: 7719.566556
2024-08-03 20:33:29,863 - train - INFO - epoch: 1370
2024-08-03 20:33:30,142 - train - INFO - train loss: 8106.122596
2024-08-03 20:33:30,142 - train - INFO - train loss kl: 438.979003
2024-08-03 20:33:30,142 - train - INFO - train loss reconstruction: 7667.143536
2024-08-03 20:33:32,545 - train - INFO - epoch: 1380
2024-08-03 20:33:32,805 - train - INFO - train loss: 8167.562819
2024-08-03 20:33:32,805 - train - INFO - train loss kl: 432.064785
2024-08-03 20:33:32,805 - train - INFO - train loss reconstruction: 7735.497915
2024-08-03 20:33:35,167 - train - INFO - epoch: 1390
2024-08-03 20:33:35,440 - train - INFO - train loss: 8444.420147
2024-08-03 20:33:35,440 - train - INFO - train loss kl: 433.137475
2024-08-03 20:33:35,440 - train - INFO - train loss reconstruction: 8011.282640
2024-08-03 20:33:37,874 - train - INFO - epoch: 1400
2024-08-03 20:33:38,146 - train - INFO - train loss: 8150.199482
2024-08-03 20:33:38,146 - train - INFO - train loss kl: 427.480834
2024-08-03 20:33:38,146 - train - INFO - train loss reconstruction: 7722.718600
2024-08-03 20:33:38,447 - train - INFO - valid loss: 9110.234863
2024-08-03 20:33:38,448 - train - INFO - valid accuracy: nan
2024-08-03 20:33:40,954 - train - INFO - epoch: 1410
2024-08-03 20:33:41,236 - train - INFO - train loss: 8174.890512
2024-08-03 20:33:41,236 - train - INFO - train loss kl: 424.038057
2024-08-03 20:33:41,237 - train - INFO - train loss reconstruction: 7750.852426
2024-08-03 20:33:43,977 - train - INFO - epoch: 1420
2024-08-03 20:33:44,241 - train - INFO - train loss: 8117.151330
2024-08-03 20:33:44,241 - train - INFO - train loss kl: 437.639028
2024-08-03 20:33:44,241 - train - INFO - train loss reconstruction: 7679.512395
2024-08-03 20:33:46,736 - train - INFO - epoch: 1430
2024-08-03 20:33:46,997 - train - INFO - train loss: 8154.139911
2024-08-03 20:33:46,997 - train - INFO - train loss kl: 431.679245
2024-08-03 20:33:46,997 - train - INFO - train loss reconstruction: 7722.460731
2024-08-03 20:33:49,399 - train - INFO - epoch: 1440
2024-08-03 20:33:49,661 - train - INFO - train loss: 8108.427284
2024-08-03 20:33:49,661 - train - INFO - train loss kl: 428.706748
2024-08-03 20:33:49,661 - train - INFO - train loss reconstruction: 7679.720628
2024-08-03 20:33:52,075 - train - INFO - epoch: 1450
2024-08-03 20:33:52,338 - train - INFO - train loss: 8133.809232
2024-08-03 20:33:52,338 - train - INFO - train loss kl: 426.875750
2024-08-03 20:33:52,338 - train - INFO - train loss reconstruction: 7706.933444
2024-08-03 20:33:54,806 - train - INFO - epoch: 1460
2024-08-03 20:33:55,079 - train - INFO - train loss: 8187.707820
2024-08-03 20:33:55,079 - train - INFO - train loss kl: 424.615509
2024-08-03 20:33:55,079 - train - INFO - train loss reconstruction: 7763.092360
2024-08-03 20:33:57,725 - train - INFO - epoch: 1470
2024-08-03 20:33:58,005 - train - INFO - train loss: 8108.793382
2024-08-03 20:33:58,005 - train - INFO - train loss kl: 429.757345
2024-08-03 20:33:58,005 - train - INFO - train loss reconstruction: 7679.036058
2024-08-03 20:34:00,436 - train - INFO - epoch: 1480
2024-08-03 20:34:00,707 - train - INFO - train loss: 8099.247183
2024-08-03 20:34:00,707 - train - INFO - train loss kl: 431.304882
2024-08-03 20:34:00,707 - train - INFO - train loss reconstruction: 7667.942345
2024-08-03 20:34:03,143 - train - INFO - epoch: 1490
2024-08-03 20:34:03,416 - train - INFO - train loss: 8104.512695
2024-08-03 20:34:03,416 - train - INFO - train loss kl: 429.643381
2024-08-03 20:34:03,416 - train - INFO - train loss reconstruction: 7674.869235
2024-08-03 20:34:05,875 - train - INFO - epoch: 1500
2024-08-03 20:34:06,193 - train - INFO - train loss: 8088.992563
2024-08-03 20:34:06,193 - train - INFO - train loss kl: 437.541283
2024-08-03 20:34:06,193 - train - INFO - train loss reconstruction: 7651.451341
2024-08-03 20:34:06,522 - train - INFO - valid loss: 9330.261475
2024-08-03 20:34:06,524 - train - INFO - valid accuracy: nan
2024-08-03 20:34:09,055 - train - INFO - epoch: 1510
2024-08-03 20:34:09,317 - train - INFO - train loss: 8027.636831
2024-08-03 20:34:09,318 - train - INFO - train loss kl: 425.922112
2024-08-03 20:34:09,318 - train - INFO - train loss reconstruction: 7601.714712
2024-08-03 20:34:12,053 - train - INFO - epoch: 1520
2024-08-03 20:34:12,332 - train - INFO - train loss: 8144.988657
2024-08-03 20:34:12,332 - train - INFO - train loss kl: 438.653721
2024-08-03 20:34:12,332 - train - INFO - train loss reconstruction: 7706.335036
2024-08-03 20:34:14,860 - train - INFO - epoch: 1530
2024-08-03 20:34:15,130 - train - INFO - train loss: 8303.149677
2024-08-03 20:34:15,130 - train - INFO - train loss kl: 438.194310
2024-08-03 20:34:15,130 - train - INFO - train loss reconstruction: 7864.955341
2024-08-03 20:34:17,590 - train - INFO - epoch: 1540
2024-08-03 20:34:17,864 - train - INFO - train loss: 8229.850793
2024-08-03 20:34:17,864 - train - INFO - train loss kl: 435.534992
2024-08-03 20:34:17,864 - train - INFO - train loss reconstruction: 7794.315880
2024-08-03 20:34:20,284 - train - INFO - epoch: 1550
2024-08-03 20:34:20,545 - train - INFO - train loss: 8025.531175
2024-08-03 20:34:20,546 - train - INFO - train loss kl: 431.973923
2024-08-03 20:34:20,546 - train - INFO - train loss reconstruction: 7593.557242
2024-08-03 20:34:23,042 - train - INFO - epoch: 1560
2024-08-03 20:34:23,329 - train - INFO - train loss: 8141.160400
2024-08-03 20:34:23,329 - train - INFO - train loss kl: 434.933036
2024-08-03 20:34:23,329 - train - INFO - train loss reconstruction: 7706.227314
2024-08-03 20:34:25,861 - train - INFO - epoch: 1570
2024-08-03 20:34:26,179 - train - INFO - train loss: 8077.574632
2024-08-03 20:34:26,179 - train - INFO - train loss kl: 436.279419
2024-08-03 20:34:26,179 - train - INFO - train loss reconstruction: 7641.295185
2024-08-03 20:34:29,107 - train - INFO - epoch: 1580
2024-08-03 20:34:29,383 - train - INFO - train loss: 8019.786715
2024-08-03 20:34:29,383 - train - INFO - train loss kl: 435.193666
2024-08-03 20:34:29,383 - train - INFO - train loss reconstruction: 7584.593130
2024-08-03 20:34:31,935 - train - INFO - epoch: 1590
2024-08-03 20:34:32,252 - train - INFO - train loss: 8130.228328
2024-08-03 20:34:32,252 - train - INFO - train loss kl: 441.810785
2024-08-03 20:34:32,252 - train - INFO - train loss reconstruction: 7688.417649
2024-08-03 20:34:34,730 - train - INFO - epoch: 1600
2024-08-03 20:34:35,024 - train - INFO - train loss: 8091.720985
2024-08-03 20:34:35,024 - train - INFO - train loss kl: 433.778932
2024-08-03 20:34:35,024 - train - INFO - train loss reconstruction: 7657.942101
2024-08-03 20:34:35,364 - train - INFO - valid loss: 9368.300537
2024-08-03 20:34:35,365 - train - INFO - valid accuracy: nan
2024-08-03 20:34:38,168 - train - INFO - epoch: 1610
2024-08-03 20:34:38,491 - train - INFO - train loss: 8169.563401
2024-08-03 20:34:38,491 - train - INFO - train loss kl: 434.349518
2024-08-03 20:34:38,491 - train - INFO - train loss reconstruction: 7735.213905
2024-08-03 20:34:41,010 - train - INFO - epoch: 1620
2024-08-03 20:34:41,286 - train - INFO - train loss: 8125.034330
2024-08-03 20:34:41,286 - train - INFO - train loss kl: 438.579937
2024-08-03 20:34:41,286 - train - INFO - train loss reconstruction: 7686.454496
2024-08-03 20:34:43,824 - train - INFO - epoch: 1630
2024-08-03 20:34:44,134 - train - INFO - train loss: 8091.111178
2024-08-03 20:34:44,134 - train - INFO - train loss kl: 433.628083
2024-08-03 20:34:44,134 - train - INFO - train loss reconstruction: 7657.483211
2024-08-03 20:34:46,839 - train - INFO - epoch: 1640
2024-08-03 20:34:47,108 - train - INFO - train loss: 8095.478441
2024-08-03 20:34:47,108 - train - INFO - train loss kl: 441.833929
2024-08-03 20:34:47,108 - train - INFO - train loss reconstruction: 7653.644531
2024-08-03 20:34:49,643 - train - INFO - epoch: 1650
2024-08-03 20:34:50,000 - train - INFO - train loss: 8103.633263
2024-08-03 20:34:50,000 - train - INFO - train loss kl: 430.553459
2024-08-03 20:34:50,000 - train - INFO - train loss reconstruction: 7673.080041
2024-08-03 20:34:52,589 - train - INFO - epoch: 1660
2024-08-03 20:34:52,883 - train - INFO - train loss: 8185.911433
2024-08-03 20:34:52,883 - train - INFO - train loss kl: 433.461298
2024-08-03 20:34:52,883 - train - INFO - train loss reconstruction: 7752.450177
2024-08-03 20:34:55,637 - train - INFO - epoch: 1670
2024-08-03 20:34:55,957 - train - INFO - train loss: 8099.295560
2024-08-03 20:34:55,957 - train - INFO - train loss kl: 439.673079
2024-08-03 20:34:55,957 - train - INFO - train loss reconstruction: 7659.622483
2024-08-03 20:34:58,588 - train - INFO - epoch: 1680
2024-08-03 20:34:58,890 - train - INFO - train loss: 8152.452036
2024-08-03 20:34:58,891 - train - INFO - train loss kl: 437.611830
2024-08-03 20:34:58,891 - train - INFO - train loss reconstruction: 7714.840182
2024-08-03 20:35:01,564 - train - INFO - epoch: 1690
2024-08-03 20:35:02,038 - train - INFO - train loss: 8109.105356
2024-08-03 20:35:02,038 - train - INFO - train loss kl: 431.848500
2024-08-03 20:35:02,038 - train - INFO - train loss reconstruction: 7677.256892
2024-08-03 20:35:04,654 - train - INFO - epoch: 1700
2024-08-03 20:35:04,921 - train - INFO - train loss: 8086.528114
2024-08-03 20:35:04,921 - train - INFO - train loss kl: 435.885479
2024-08-03 20:35:04,921 - train - INFO - train loss reconstruction: 7650.642653
2024-08-03 20:35:05,425 - train - INFO - valid loss: 9519.047607
2024-08-03 20:35:05,427 - train - INFO - valid accuracy: nan
2024-08-03 20:35:08,180 - train - INFO - epoch: 1710
2024-08-03 20:35:08,467 - train - INFO - train loss: 8043.400691
2024-08-03 20:35:08,467 - train - INFO - train loss kl: 428.001630
2024-08-03 20:35:08,467 - train - INFO - train loss reconstruction: 7615.398963
2024-08-03 20:35:11,158 - train - INFO - epoch: 1720
2024-08-03 20:35:11,437 - train - INFO - train loss: 8214.071477
2024-08-03 20:35:11,437 - train - INFO - train loss kl: 428.361126
2024-08-03 20:35:11,437 - train - INFO - train loss reconstruction: 7785.710374
2024-08-03 20:35:14,243 - train - INFO - epoch: 1730
2024-08-03 20:35:14,515 - train - INFO - train loss: 8079.734582
2024-08-03 20:35:14,515 - train - INFO - train loss kl: 436.521808
2024-08-03 20:35:14,515 - train - INFO - train loss reconstruction: 7643.212759
2024-08-03 20:35:17,105 - train - INFO - epoch: 1740
2024-08-03 20:35:17,412 - train - INFO - train loss: 8096.873310
2024-08-03 20:35:17,412 - train - INFO - train loss kl: 432.296072
2024-08-03 20:35:17,412 - train - INFO - train loss reconstruction: 7664.577299
2024-08-03 20:35:20,082 - train - INFO - epoch: 1750
2024-08-03 20:35:20,379 - train - INFO - train loss: 8053.894043
2024-08-03 20:35:20,380 - train - INFO - train loss kl: 432.120280
2024-08-03 20:35:20,380 - train - INFO - train loss reconstruction: 7621.773794
2024-08-03 20:35:22,821 - train - INFO - epoch: 1760
2024-08-03 20:35:23,106 - train - INFO - train loss: 8020.078125
2024-08-03 20:35:23,106 - train - INFO - train loss kl: 434.859495
2024-08-03 20:35:23,106 - train - INFO - train loss reconstruction: 7585.218675
2024-08-03 20:35:25,730 - train - INFO - epoch: 1770
2024-08-03 20:35:26,003 - train - INFO - train loss: 8161.306040
2024-08-03 20:35:26,003 - train - INFO - train loss kl: 445.968318
2024-08-03 20:35:26,003 - train - INFO - train loss reconstruction: 7715.337853
2024-08-03 20:35:28,465 - train - INFO - epoch: 1780
2024-08-03 20:35:28,721 - train - INFO - train loss: 8029.279654
2024-08-03 20:35:28,721 - train - INFO - train loss kl: 441.261713
2024-08-03 20:35:28,721 - train - INFO - train loss reconstruction: 7588.017879
2024-08-03 20:35:31,142 - train - INFO - epoch: 1790
2024-08-03 20:35:31,458 - train - INFO - train loss: 8098.142184
2024-08-03 20:35:31,458 - train - INFO - train loss kl: 441.163248
2024-08-03 20:35:31,458 - train - INFO - train loss reconstruction: 7656.978985
2024-08-03 20:35:34,025 - train - INFO - epoch: 1800
2024-08-03 20:35:34,300 - train - INFO - train loss: 8016.794208
2024-08-03 20:35:34,300 - train - INFO - train loss kl: 435.166151
2024-08-03 20:35:34,300 - train - INFO - train loss reconstruction: 7581.628005
2024-08-03 20:35:34,658 - train - INFO - valid loss: 9573.287109
2024-08-03 20:35:34,659 - train - INFO - valid accuracy: nan
2024-08-03 20:35:37,153 - train - INFO - epoch: 1810
2024-08-03 20:35:37,424 - train - INFO - train loss: 8082.736253
2024-08-03 20:35:37,424 - train - INFO - train loss kl: 430.621429
2024-08-03 20:35:37,424 - train - INFO - train loss reconstruction: 7652.114878
2024-08-03 20:35:39,932 - train - INFO - epoch: 1820
2024-08-03 20:35:40,203 - train - INFO - train loss: 8083.462290
2024-08-03 20:35:40,204 - train - INFO - train loss kl: 432.351291
2024-08-03 20:35:40,204 - train - INFO - train loss reconstruction: 7651.110990
2024-08-03 20:35:42,626 - train - INFO - epoch: 1830
2024-08-03 20:35:42,898 - train - INFO - train loss: 8121.384240
2024-08-03 20:35:42,899 - train - INFO - train loss kl: 432.502182
2024-08-03 20:35:42,899 - train - INFO - train loss reconstruction: 7688.882136
2024-08-03 20:35:45,401 - train - INFO - epoch: 1840
2024-08-03 20:35:45,669 - train - INFO - train loss: 8039.745605
2024-08-03 20:35:45,669 - train - INFO - train loss kl: 435.793723
2024-08-03 20:35:45,669 - train - INFO - train loss reconstruction: 7603.951886
2024-08-03 20:35:48,300 - train - INFO - epoch: 1850
2024-08-03 20:35:48,760 - train - INFO - train loss: 8015.974910
2024-08-03 20:35:48,761 - train - INFO - train loss kl: 429.981997
2024-08-03 20:35:48,761 - train - INFO - train loss reconstruction: 7585.992976
2024-08-03 20:35:51,281 - train - INFO - epoch: 1860
2024-08-03 20:35:51,586 - train - INFO - train loss: 8120.719989
2024-08-03 20:35:51,586 - train - INFO - train loss kl: 437.161375
2024-08-03 20:35:51,586 - train - INFO - train loss reconstruction: 7683.558706
2024-08-03 20:35:54,050 - train - INFO - epoch: 1870
2024-08-03 20:35:54,313 - train - INFO - train loss: 8000.598990
2024-08-03 20:35:54,313 - train - INFO - train loss kl: 434.692882
2024-08-03 20:35:54,313 - train - INFO - train loss reconstruction: 7565.906043
2024-08-03 20:35:56,791 - train - INFO - epoch: 1880
2024-08-03 20:35:57,088 - train - INFO - train loss: 8043.984807
2024-08-03 20:35:57,089 - train - INFO - train loss kl: 434.163426
2024-08-03 20:35:57,089 - train - INFO - train loss reconstruction: 7609.821477
2024-08-03 20:36:00,111 - train - INFO - epoch: 1890
2024-08-03 20:36:00,403 - train - INFO - train loss: 8068.630596
2024-08-03 20:36:00,403 - train - INFO - train loss kl: 433.972585
2024-08-03 20:36:00,403 - train - INFO - train loss reconstruction: 7634.657865
2024-08-03 20:36:03,302 - train - INFO - epoch: 1900
2024-08-03 20:36:03,658 - train - INFO - train loss: 8069.664964
2024-08-03 20:36:03,659 - train - INFO - train loss kl: 440.694680
2024-08-03 20:36:03,659 - train - INFO - train loss reconstruction: 7628.970177
2024-08-03 20:36:04,069 - train - INFO - valid loss: 9798.606445
2024-08-03 20:36:04,072 - train - INFO - valid accuracy: nan
2024-08-03 20:36:06,802 - train - INFO - epoch: 1910
2024-08-03 20:36:07,108 - train - INFO - train loss: 8066.472055
2024-08-03 20:36:07,108 - train - INFO - train loss kl: 438.740666
2024-08-03 20:36:07,108 - train - INFO - train loss reconstruction: 7627.731408
2024-08-03 20:36:09,937 - train - INFO - epoch: 1920
2024-08-03 20:36:10,264 - train - INFO - train loss: 8126.208853
2024-08-03 20:36:10,264 - train - INFO - train loss kl: 437.829065
2024-08-03 20:36:10,264 - train - INFO - train loss reconstruction: 7688.379676
2024-08-03 20:36:13,025 - train - INFO - epoch: 1930
2024-08-03 20:36:13,367 - train - INFO - train loss: 8196.807429
2024-08-03 20:36:13,367 - train - INFO - train loss kl: 436.261680
2024-08-03 20:36:13,367 - train - INFO - train loss reconstruction: 7760.545748
2024-08-03 20:36:16,164 - train - INFO - epoch: 1940
2024-08-03 20:36:16,466 - train - INFO - train loss: 8104.122108
2024-08-03 20:36:16,466 - train - INFO - train loss kl: 438.464998
2024-08-03 20:36:16,466 - train - INFO - train loss reconstruction: 7665.657114
2024-08-03 20:36:19,349 - train - INFO - epoch: 1950
2024-08-03 20:36:19,633 - train - INFO - train loss: 8101.104830
2024-08-03 20:36:19,633 - train - INFO - train loss kl: 438.917634
2024-08-03 20:36:19,633 - train - INFO - train loss reconstruction: 7662.187162
2024-08-03 20:36:22,192 - train - INFO - epoch: 1960
2024-08-03 20:36:22,542 - train - INFO - train loss: 8105.747127
2024-08-03 20:36:22,542 - train - INFO - train loss kl: 443.244289
2024-08-03 20:36:22,542 - train - INFO - train loss reconstruction: 7662.502798
2024-08-03 20:36:25,232 - train - INFO - epoch: 1970
2024-08-03 20:36:25,539 - train - INFO - train loss: 8000.594126
2024-08-03 20:36:25,539 - train - INFO - train loss kl: 438.083259
2024-08-03 20:36:25,539 - train - INFO - train loss reconstruction: 7562.510836
2024-08-03 20:36:28,059 - train - INFO - epoch: 1980
2024-08-03 20:36:28,324 - train - INFO - train loss: 8197.740648
2024-08-03 20:36:28,324 - train - INFO - train loss kl: 443.038310
2024-08-03 20:36:28,324 - train - INFO - train loss reconstruction: 7754.702317
2024-08-03 20:36:30,791 - train - INFO - epoch: 1990
2024-08-03 20:36:31,054 - train - INFO - train loss: 8045.221980
2024-08-03 20:36:31,055 - train - INFO - train loss kl: 437.593111
2024-08-03 20:36:31,055 - train - INFO - train loss reconstruction: 7607.628887
2024-08-03 20:36:33,517 - train - INFO - training finished
2024-08-03 20:36:33,519 - test - INFO - testing started
2024-08-03 20:36:33,534 - test - INFO - test accuracy: 10354.104248
2024-08-03 20:36:33,534 - test - INFO - testing finished
